Processing group: group1
Traits: HDL LDL TC logTG
Populations: EUR
There are 9 annotations selected for trait:HDL; pop:EUR
Combined file created: /gpfs/gibbs/pi/zhao/zb222/Anotation_pipeline/result/beta_collect/LD_v2.3_panel/trait_HDL/tar_EUR/baselineLD_v2.3_Annot_1/HDL_EUR_JointPRS_baselineLD_v2.3_Annot_1_combined.txt
Combined file created: /gpfs/gibbs/pi/zhao/zb222/Anotation_pipeline/result/beta_collect/LD_v2.3_panel/trait_HDL/tar_EUR/baselineLD_v2.3_Annot_2/HDL_EUR_JointPRS_baselineLD_v2.3_Annot_2_combined.txt
Combined file created: /gpfs/gibbs/pi/zhao/zb222/Anotation_pipeline/result/beta_collect/LD_v2.3_panel/trait_HDL/tar_EUR/baselineLD_v2.3_Annot_3/HDL_EUR_JointPRS_baselineLD_v2.3_Annot_3_combined.txt
Combined file created: /gpfs/gibbs/pi/zhao/zb222/Anotation_pipeline/result/beta_collect/LD_v2.3_panel/trait_HDL/tar_EUR/baselineLD_v2.3_Annot_4/HDL_EUR_JointPRS_baselineLD_v2.3_Annot_4_combined.txt
Combined file created: /gpfs/gibbs/pi/zhao/zb222/Anotation_pipeline/result/beta_collect/LD_v2.3_panel/trait_HDL/tar_EUR/baselineLD_v2.3_Annot_5/HDL_EUR_JointPRS_baselineLD_v2.3_Annot_5_combined.txt
Combined file created: /gpfs/gibbs/pi/zhao/zb222/Anotation_pipeline/result/beta_collect/LD_v2.3_panel/trait_HDL/tar_EUR/baselineLD_v2.3_Annot_6/HDL_EUR_JointPRS_baselineLD_v2.3_Annot_6_combined.txt
Combined file created: /gpfs/gibbs/pi/zhao/zb222/Anotation_pipeline/result/beta_collect/LD_v2.3_panel/trait_HDL/tar_EUR/baselineLD_v2.3_Annot_7/HDL_EUR_JointPRS_baselineLD_v2.3_Annot_7_combined.txt
Combined file created: /gpfs/gibbs/pi/zhao/zb222/Anotation_pipeline/result/beta_collect/LD_v2.3_panel/trait_HDL/tar_EUR/baselineLD_v2.3_Annot_8/HDL_EUR_JointPRS_baselineLD_v2.3_Annot_8_combined.txt
Combined file created: /gpfs/gibbs/pi/zhao/zb222/Anotation_pipeline/result/beta_collect/LD_v2.3_panel/trait_HDL/tar_EUR/baselineLD_v2.3_Annot_9/HDL_EUR_JointPRS_baselineLD_v2.3_Annot_9_combined.txt
There are 10 annotations selected for trait:LDL; pop:EUR
Combined file created: /gpfs/gibbs/pi/zhao/zb222/Anotation_pipeline/result/beta_collect/LD_v2.3_panel/trait_LDL/tar_EUR/baselineLD_v2.3_Annot_1/LDL_EUR_JointPRS_baselineLD_v2.3_Annot_1_combined.txt
Combined file created: /gpfs/gibbs/pi/zhao/zb222/Anotation_pipeline/result/beta_collect/LD_v2.3_panel/trait_LDL/tar_EUR/baselineLD_v2.3_Annot_2/LDL_EUR_JointPRS_baselineLD_v2.3_Annot_2_combined.txt
Combined file created: /gpfs/gibbs/pi/zhao/zb222/Anotation_pipeline/result/beta_collect/LD_v2.3_panel/trait_LDL/tar_EUR/baselineLD_v2.3_Annot_3/LDL_EUR_JointPRS_baselineLD_v2.3_Annot_3_combined.txt
Combined file created: /gpfs/gibbs/pi/zhao/zb222/Anotation_pipeline/result/beta_collect/LD_v2.3_panel/trait_LDL/tar_EUR/baselineLD_v2.3_Annot_4/LDL_EUR_JointPRS_baselineLD_v2.3_Annot_4_combined.txt
Combined file created: /gpfs/gibbs/pi/zhao/zb222/Anotation_pipeline/result/beta_collect/LD_v2.3_panel/trait_LDL/tar_EUR/baselineLD_v2.3_Annot_5/LDL_EUR_JointPRS_baselineLD_v2.3_Annot_5_combined.txt
Combined file created: /gpfs/gibbs/pi/zhao/zb222/Anotation_pipeline/result/beta_collect/LD_v2.3_panel/trait_LDL/tar_EUR/baselineLD_v2.3_Annot_6/LDL_EUR_JointPRS_baselineLD_v2.3_Annot_6_combined.txt
Combined file created: /gpfs/gibbs/pi/zhao/zb222/Anotation_pipeline/result/beta_collect/LD_v2.3_panel/trait_LDL/tar_EUR/baselineLD_v2.3_Annot_7/LDL_EUR_JointPRS_baselineLD_v2.3_Annot_7_combined.txt
Combined file created: /gpfs/gibbs/pi/zhao/zb222/Anotation_pipeline/result/beta_collect/LD_v2.3_panel/trait_LDL/tar_EUR/baselineLD_v2.3_Annot_8/LDL_EUR_JointPRS_baselineLD_v2.3_Annot_8_combined.txt
Combined file created: /gpfs/gibbs/pi/zhao/zb222/Anotation_pipeline/result/beta_collect/LD_v2.3_panel/trait_LDL/tar_EUR/baselineLD_v2.3_Annot_9/LDL_EUR_JointPRS_baselineLD_v2.3_Annot_9_combined.txt
Combined file created: /gpfs/gibbs/pi/zhao/zb222/Anotation_pipeline/result/beta_collect/LD_v2.3_panel/trait_LDL/tar_EUR/baselineLD_v2.3_Annot_10/LDL_EUR_JointPRS_baselineLD_v2.3_Annot_10_combined.txt
There are 6 annotations selected for trait:TC; pop:EUR
Combined file created: /gpfs/gibbs/pi/zhao/zb222/Anotation_pipeline/result/beta_collect/LD_v2.3_panel/trait_TC/tar_EUR/baselineLD_v2.3_Annot_1/TC_EUR_JointPRS_baselineLD_v2.3_Annot_1_combined.txt
Combined file created: /gpfs/gibbs/pi/zhao/zb222/Anotation_pipeline/result/beta_collect/LD_v2.3_panel/trait_TC/tar_EUR/baselineLD_v2.3_Annot_2/TC_EUR_JointPRS_baselineLD_v2.3_Annot_2_combined.txt
Combined file created: /gpfs/gibbs/pi/zhao/zb222/Anotation_pipeline/result/beta_collect/LD_v2.3_panel/trait_TC/tar_EUR/baselineLD_v2.3_Annot_3/TC_EUR_JointPRS_baselineLD_v2.3_Annot_3_combined.txt
Combined file created: /gpfs/gibbs/pi/zhao/zb222/Anotation_pipeline/result/beta_collect/LD_v2.3_panel/trait_TC/tar_EUR/baselineLD_v2.3_Annot_4/TC_EUR_JointPRS_baselineLD_v2.3_Annot_4_combined.txt
Combined file created: /gpfs/gibbs/pi/zhao/zb222/Anotation_pipeline/result/beta_collect/LD_v2.3_panel/trait_TC/tar_EUR/baselineLD_v2.3_Annot_5/TC_EUR_JointPRS_baselineLD_v2.3_Annot_5_combined.txt
Combined file created: /gpfs/gibbs/pi/zhao/zb222/Anotation_pipeline/result/beta_collect/LD_v2.3_panel/trait_TC/tar_EUR/baselineLD_v2.3_Annot_6/TC_EUR_JointPRS_baselineLD_v2.3_Annot_6_combined.txt
There are 24 annotations selected for trait:logTG; pop:EUR
Combined file created: /gpfs/gibbs/pi/zhao/zb222/Anotation_pipeline/result/beta_collect/LD_v2.3_panel/trait_logTG/tar_EUR/baselineLD_v2.3_Annot_1/logTG_EUR_JointPRS_baselineLD_v2.3_Annot_1_combined.txt
Combined file created: /gpfs/gibbs/pi/zhao/zb222/Anotation_pipeline/result/beta_collect/LD_v2.3_panel/trait_logTG/tar_EUR/baselineLD_v2.3_Annot_2/logTG_EUR_JointPRS_baselineLD_v2.3_Annot_2_combined.txt
Combined file created: /gpfs/gibbs/pi/zhao/zb222/Anotation_pipeline/result/beta_collect/LD_v2.3_panel/trait_logTG/tar_EUR/baselineLD_v2.3_Annot_3/logTG_EUR_JointPRS_baselineLD_v2.3_Annot_3_combined.txt
Combined file created: /gpfs/gibbs/pi/zhao/zb222/Anotation_pipeline/result/beta_collect/LD_v2.3_panel/trait_logTG/tar_EUR/baselineLD_v2.3_Annot_4/logTG_EUR_JointPRS_baselineLD_v2.3_Annot_4_combined.txt
Combined file created: /gpfs/gibbs/pi/zhao/zb222/Anotation_pipeline/result/beta_collect/LD_v2.3_panel/trait_logTG/tar_EUR/baselineLD_v2.3_Annot_5/logTG_EUR_JointPRS_baselineLD_v2.3_Annot_5_combined.txt
Combined file created: /gpfs/gibbs/pi/zhao/zb222/Anotation_pipeline/result/beta_collect/LD_v2.3_panel/trait_logTG/tar_EUR/baselineLD_v2.3_Annot_6/logTG_EUR_JointPRS_baselineLD_v2.3_Annot_6_combined.txt
Combined file created: /gpfs/gibbs/pi/zhao/zb222/Anotation_pipeline/result/beta_collect/LD_v2.3_panel/trait_logTG/tar_EUR/baselineLD_v2.3_Annot_7/logTG_EUR_JointPRS_baselineLD_v2.3_Annot_7_combined.txt
Combined file created: /gpfs/gibbs/pi/zhao/zb222/Anotation_pipeline/result/beta_collect/LD_v2.3_panel/trait_logTG/tar_EUR/baselineLD_v2.3_Annot_8/logTG_EUR_JointPRS_baselineLD_v2.3_Annot_8_combined.txt
Combined file created: /gpfs/gibbs/pi/zhao/zb222/Anotation_pipeline/result/beta_collect/LD_v2.3_panel/trait_logTG/tar_EUR/baselineLD_v2.3_Annot_9/logTG_EUR_JointPRS_baselineLD_v2.3_Annot_9_combined.txt
Combined file created: /gpfs/gibbs/pi/zhao/zb222/Anotation_pipeline/result/beta_collect/LD_v2.3_panel/trait_logTG/tar_EUR/baselineLD_v2.3_Annot_10/logTG_EUR_JointPRS_baselineLD_v2.3_Annot_10_combined.txt
Combined file created: /gpfs/gibbs/pi/zhao/zb222/Anotation_pipeline/result/beta_collect/LD_v2.3_panel/trait_logTG/tar_EUR/baselineLD_v2.3_Annot_11/logTG_EUR_JointPRS_baselineLD_v2.3_Annot_11_combined.txt
Combined file created: /gpfs/gibbs/pi/zhao/zb222/Anotation_pipeline/result/beta_collect/LD_v2.3_panel/trait_logTG/tar_EUR/baselineLD_v2.3_Annot_12/logTG_EUR_JointPRS_baselineLD_v2.3_Annot_12_combined.txt
Combined file created: /gpfs/gibbs/pi/zhao/zb222/Anotation_pipeline/result/beta_collect/LD_v2.3_panel/trait_logTG/tar_EUR/baselineLD_v2.3_Annot_13/logTG_EUR_JointPRS_baselineLD_v2.3_Annot_13_combined.txt
Combined file created: /gpfs/gibbs/pi/zhao/zb222/Anotation_pipeline/result/beta_collect/LD_v2.3_panel/trait_logTG/tar_EUR/baselineLD_v2.3_Annot_14/logTG_EUR_JointPRS_baselineLD_v2.3_Annot_14_combined.txt
Combined file created: /gpfs/gibbs/pi/zhao/zb222/Anotation_pipeline/result/beta_collect/LD_v2.3_panel/trait_logTG/tar_EUR/baselineLD_v2.3_Annot_15/logTG_EUR_JointPRS_baselineLD_v2.3_Annot_15_combined.txt
Combined file created: /gpfs/gibbs/pi/zhao/zb222/Anotation_pipeline/result/beta_collect/LD_v2.3_panel/trait_logTG/tar_EUR/baselineLD_v2.3_Annot_16/logTG_EUR_JointPRS_baselineLD_v2.3_Annot_16_combined.txt
Combined file created: /gpfs/gibbs/pi/zhao/zb222/Anotation_pipeline/result/beta_collect/LD_v2.3_panel/trait_logTG/tar_EUR/baselineLD_v2.3_Annot_17/logTG_EUR_JointPRS_baselineLD_v2.3_Annot_17_combined.txt
Combined file created: /gpfs/gibbs/pi/zhao/zb222/Anotation_pipeline/result/beta_collect/LD_v2.3_panel/trait_logTG/tar_EUR/baselineLD_v2.3_Annot_18/logTG_EUR_JointPRS_baselineLD_v2.3_Annot_18_combined.txt
Combined file created: /gpfs/gibbs/pi/zhao/zb222/Anotation_pipeline/result/beta_collect/LD_v2.3_panel/trait_logTG/tar_EUR/baselineLD_v2.3_Annot_19/logTG_EUR_JointPRS_baselineLD_v2.3_Annot_19_combined.txt
Combined file created: /gpfs/gibbs/pi/zhao/zb222/Anotation_pipeline/result/beta_collect/LD_v2.3_panel/trait_logTG/tar_EUR/baselineLD_v2.3_Annot_20/logTG_EUR_JointPRS_baselineLD_v2.3_Annot_20_combined.txt
Combined file created: /gpfs/gibbs/pi/zhao/zb222/Anotation_pipeline/result/beta_collect/LD_v2.3_panel/trait_logTG/tar_EUR/baselineLD_v2.3_Annot_21/logTG_EUR_JointPRS_baselineLD_v2.3_Annot_21_combined.txt
Combined file created: /gpfs/gibbs/pi/zhao/zb222/Anotation_pipeline/result/beta_collect/LD_v2.3_panel/trait_logTG/tar_EUR/baselineLD_v2.3_Annot_22/logTG_EUR_JointPRS_baselineLD_v2.3_Annot_22_combined.txt
Combined file created: /gpfs/gibbs/pi/zhao/zb222/Anotation_pipeline/result/beta_collect/LD_v2.3_panel/trait_logTG/tar_EUR/baselineLD_v2.3_Annot_23/logTG_EUR_JointPRS_baselineLD_v2.3_Annot_23_combined.txt
Combined file created: /gpfs/gibbs/pi/zhao/zb222/Anotation_pipeline/result/beta_collect/LD_v2.3_panel/trait_logTG/tar_EUR/baselineLD_v2.3_Annot_24/logTG_EUR_JointPRS_baselineLD_v2.3_Annot_24_combined.txt
Processing group: group2
Traits: Height BMI T2D BrC
Populations: EUR
There are 14 annotations selected for trait:Height; pop:EUR
Combined file created: /gpfs/gibbs/pi/zhao/zb222/Anotation_pipeline/result/beta_collect/LD_v2.3_panel/trait_Height/tar_EUR/baselineLD_v2.3_Annot_1/Height_EUR_JointPRS_baselineLD_v2.3_Annot_1_combined.txt
Combined file created: /gpfs/gibbs/pi/zhao/zb222/Anotation_pipeline/result/beta_collect/LD_v2.3_panel/trait_Height/tar_EUR/baselineLD_v2.3_Annot_2/Height_EUR_JointPRS_baselineLD_v2.3_Annot_2_combined.txt
Combined file created: /gpfs/gibbs/pi/zhao/zb222/Anotation_pipeline/result/beta_collect/LD_v2.3_panel/trait_Height/tar_EUR/baselineLD_v2.3_Annot_3/Height_EUR_JointPRS_baselineLD_v2.3_Annot_3_combined.txt
Combined file created: /gpfs/gibbs/pi/zhao/zb222/Anotation_pipeline/result/beta_collect/LD_v2.3_panel/trait_Height/tar_EUR/baselineLD_v2.3_Annot_4/Height_EUR_JointPRS_baselineLD_v2.3_Annot_4_combined.txt
Combined file created: /gpfs/gibbs/pi/zhao/zb222/Anotation_pipeline/result/beta_collect/LD_v2.3_panel/trait_Height/tar_EUR/baselineLD_v2.3_Annot_5/Height_EUR_JointPRS_baselineLD_v2.3_Annot_5_combined.txt
Combined file created: /gpfs/gibbs/pi/zhao/zb222/Anotation_pipeline/result/beta_collect/LD_v2.3_panel/trait_Height/tar_EUR/baselineLD_v2.3_Annot_6/Height_EUR_JointPRS_baselineLD_v2.3_Annot_6_combined.txt
Combined file created: /gpfs/gibbs/pi/zhao/zb222/Anotation_pipeline/result/beta_collect/LD_v2.3_panel/trait_Height/tar_EUR/baselineLD_v2.3_Annot_7/Height_EUR_JointPRS_baselineLD_v2.3_Annot_7_combined.txt
Combined file created: /gpfs/gibbs/pi/zhao/zb222/Anotation_pipeline/result/beta_collect/LD_v2.3_panel/trait_Height/tar_EUR/baselineLD_v2.3_Annot_8/Height_EUR_JointPRS_baselineLD_v2.3_Annot_8_combined.txt
Combined file created: /gpfs/gibbs/pi/zhao/zb222/Anotation_pipeline/result/beta_collect/LD_v2.3_panel/trait_Height/tar_EUR/baselineLD_v2.3_Annot_9/Height_EUR_JointPRS_baselineLD_v2.3_Annot_9_combined.txt
Combined file created: /gpfs/gibbs/pi/zhao/zb222/Anotation_pipeline/result/beta_collect/LD_v2.3_panel/trait_Height/tar_EUR/baselineLD_v2.3_Annot_10/Height_EUR_JointPRS_baselineLD_v2.3_Annot_10_combined.txt
Combined file created: /gpfs/gibbs/pi/zhao/zb222/Anotation_pipeline/result/beta_collect/LD_v2.3_panel/trait_Height/tar_EUR/baselineLD_v2.3_Annot_11/Height_EUR_JointPRS_baselineLD_v2.3_Annot_11_combined.txt
Combined file created: /gpfs/gibbs/pi/zhao/zb222/Anotation_pipeline/result/beta_collect/LD_v2.3_panel/trait_Height/tar_EUR/baselineLD_v2.3_Annot_12/Height_EUR_JointPRS_baselineLD_v2.3_Annot_12_combined.txt
Combined file created: /gpfs/gibbs/pi/zhao/zb222/Anotation_pipeline/result/beta_collect/LD_v2.3_panel/trait_Height/tar_EUR/baselineLD_v2.3_Annot_13/Height_EUR_JointPRS_baselineLD_v2.3_Annot_13_combined.txt
Combined file created: /gpfs/gibbs/pi/zhao/zb222/Anotation_pipeline/result/beta_collect/LD_v2.3_panel/trait_Height/tar_EUR/baselineLD_v2.3_Annot_14/Height_EUR_JointPRS_baselineLD_v2.3_Annot_14_combined.txt
There are 32 annotations selected for trait:BMI; pop:EUR
Combined file created: /gpfs/gibbs/pi/zhao/zb222/Anotation_pipeline/result/beta_collect/LD_v2.3_panel/trait_BMI/tar_EUR/baselineLD_v2.3_Annot_1/BMI_EUR_JointPRS_baselineLD_v2.3_Annot_1_combined.txt
Combined file created: /gpfs/gibbs/pi/zhao/zb222/Anotation_pipeline/result/beta_collect/LD_v2.3_panel/trait_BMI/tar_EUR/baselineLD_v2.3_Annot_2/BMI_EUR_JointPRS_baselineLD_v2.3_Annot_2_combined.txt
Combined file created: /gpfs/gibbs/pi/zhao/zb222/Anotation_pipeline/result/beta_collect/LD_v2.3_panel/trait_BMI/tar_EUR/baselineLD_v2.3_Annot_3/BMI_EUR_JointPRS_baselineLD_v2.3_Annot_3_combined.txt
Combined file created: /gpfs/gibbs/pi/zhao/zb222/Anotation_pipeline/result/beta_collect/LD_v2.3_panel/trait_BMI/tar_EUR/baselineLD_v2.3_Annot_4/BMI_EUR_JointPRS_baselineLD_v2.3_Annot_4_combined.txt
Combined file created: /gpfs/gibbs/pi/zhao/zb222/Anotation_pipeline/result/beta_collect/LD_v2.3_panel/trait_BMI/tar_EUR/baselineLD_v2.3_Annot_5/BMI_EUR_JointPRS_baselineLD_v2.3_Annot_5_combined.txt
Combined file created: /gpfs/gibbs/pi/zhao/zb222/Anotation_pipeline/result/beta_collect/LD_v2.3_panel/trait_BMI/tar_EUR/baselineLD_v2.3_Annot_6/BMI_EUR_JointPRS_baselineLD_v2.3_Annot_6_combined.txt
Combined file created: /gpfs/gibbs/pi/zhao/zb222/Anotation_pipeline/result/beta_collect/LD_v2.3_panel/trait_BMI/tar_EUR/baselineLD_v2.3_Annot_7/BMI_EUR_JointPRS_baselineLD_v2.3_Annot_7_combined.txt
Combined file created: /gpfs/gibbs/pi/zhao/zb222/Anotation_pipeline/result/beta_collect/LD_v2.3_panel/trait_BMI/tar_EUR/baselineLD_v2.3_Annot_8/BMI_EUR_JointPRS_baselineLD_v2.3_Annot_8_combined.txt
Combined file created: /gpfs/gibbs/pi/zhao/zb222/Anotation_pipeline/result/beta_collect/LD_v2.3_panel/trait_BMI/tar_EUR/baselineLD_v2.3_Annot_9/BMI_EUR_JointPRS_baselineLD_v2.3_Annot_9_combined.txt
Combined file created: /gpfs/gibbs/pi/zhao/zb222/Anotation_pipeline/result/beta_collect/LD_v2.3_panel/trait_BMI/tar_EUR/baselineLD_v2.3_Annot_10/BMI_EUR_JointPRS_baselineLD_v2.3_Annot_10_combined.txt
Combined file created: /gpfs/gibbs/pi/zhao/zb222/Anotation_pipeline/result/beta_collect/LD_v2.3_panel/trait_BMI/tar_EUR/baselineLD_v2.3_Annot_11/BMI_EUR_JointPRS_baselineLD_v2.3_Annot_11_combined.txt
Combined file created: /gpfs/gibbs/pi/zhao/zb222/Anotation_pipeline/result/beta_collect/LD_v2.3_panel/trait_BMI/tar_EUR/baselineLD_v2.3_Annot_12/BMI_EUR_JointPRS_baselineLD_v2.3_Annot_12_combined.txt
Combined file created: /gpfs/gibbs/pi/zhao/zb222/Anotation_pipeline/result/beta_collect/LD_v2.3_panel/trait_BMI/tar_EUR/baselineLD_v2.3_Annot_13/BMI_EUR_JointPRS_baselineLD_v2.3_Annot_13_combined.txt
Combined file created: /gpfs/gibbs/pi/zhao/zb222/Anotation_pipeline/result/beta_collect/LD_v2.3_panel/trait_BMI/tar_EUR/baselineLD_v2.3_Annot_14/BMI_EUR_JointPRS_baselineLD_v2.3_Annot_14_combined.txt
Combined file created: /gpfs/gibbs/pi/zhao/zb222/Anotation_pipeline/result/beta_collect/LD_v2.3_panel/trait_BMI/tar_EUR/baselineLD_v2.3_Annot_15/BMI_EUR_JointPRS_baselineLD_v2.3_Annot_15_combined.txt
Combined file created: /gpfs/gibbs/pi/zhao/zb222/Anotation_pipeline/result/beta_collect/LD_v2.3_panel/trait_BMI/tar_EUR/baselineLD_v2.3_Annot_16/BMI_EUR_JointPRS_baselineLD_v2.3_Annot_16_combined.txt
Combined file created: /gpfs/gibbs/pi/zhao/zb222/Anotation_pipeline/result/beta_collect/LD_v2.3_panel/trait_BMI/tar_EUR/baselineLD_v2.3_Annot_17/BMI_EUR_JointPRS_baselineLD_v2.3_Annot_17_combined.txt
Combined file created: /gpfs/gibbs/pi/zhao/zb222/Anotation_pipeline/result/beta_collect/LD_v2.3_panel/trait_BMI/tar_EUR/baselineLD_v2.3_Annot_18/BMI_EUR_JointPRS_baselineLD_v2.3_Annot_18_combined.txt
Combined file created: /gpfs/gibbs/pi/zhao/zb222/Anotation_pipeline/result/beta_collect/LD_v2.3_panel/trait_BMI/tar_EUR/baselineLD_v2.3_Annot_19/BMI_EUR_JointPRS_baselineLD_v2.3_Annot_19_combined.txt
Combined file created: /gpfs/gibbs/pi/zhao/zb222/Anotation_pipeline/result/beta_collect/LD_v2.3_panel/trait_BMI/tar_EUR/baselineLD_v2.3_Annot_20/BMI_EUR_JointPRS_baselineLD_v2.3_Annot_20_combined.txt
Combined file created: /gpfs/gibbs/pi/zhao/zb222/Anotation_pipeline/result/beta_collect/LD_v2.3_panel/trait_BMI/tar_EUR/baselineLD_v2.3_Annot_21/BMI_EUR_JointPRS_baselineLD_v2.3_Annot_21_combined.txt
Combined file created: /gpfs/gibbs/pi/zhao/zb222/Anotation_pipeline/result/beta_collect/LD_v2.3_panel/trait_BMI/tar_EUR/baselineLD_v2.3_Annot_22/BMI_EUR_JointPRS_baselineLD_v2.3_Annot_22_combined.txt
Combined file created: /gpfs/gibbs/pi/zhao/zb222/Anotation_pipeline/result/beta_collect/LD_v2.3_panel/trait_BMI/tar_EUR/baselineLD_v2.3_Annot_23/BMI_EUR_JointPRS_baselineLD_v2.3_Annot_23_combined.txt
Combined file created: /gpfs/gibbs/pi/zhao/zb222/Anotation_pipeline/result/beta_collect/LD_v2.3_panel/trait_BMI/tar_EUR/baselineLD_v2.3_Annot_24/BMI_EUR_JointPRS_baselineLD_v2.3_Annot_24_combined.txt
Combined file created: /gpfs/gibbs/pi/zhao/zb222/Anotation_pipeline/result/beta_collect/LD_v2.3_panel/trait_BMI/tar_EUR/baselineLD_v2.3_Annot_25/BMI_EUR_JointPRS_baselineLD_v2.3_Annot_25_combined.txt
Combined file created: /gpfs/gibbs/pi/zhao/zb222/Anotation_pipeline/result/beta_collect/LD_v2.3_panel/trait_BMI/tar_EUR/baselineLD_v2.3_Annot_26/BMI_EUR_JointPRS_baselineLD_v2.3_Annot_26_combined.txt
Combined file created: /gpfs/gibbs/pi/zhao/zb222/Anotation_pipeline/result/beta_collect/LD_v2.3_panel/trait_BMI/tar_EUR/baselineLD_v2.3_Annot_27/BMI_EUR_JointPRS_baselineLD_v2.3_Annot_27_combined.txt
Combined file created: /gpfs/gibbs/pi/zhao/zb222/Anotation_pipeline/result/beta_collect/LD_v2.3_panel/trait_BMI/tar_EUR/baselineLD_v2.3_Annot_28/BMI_EUR_JointPRS_baselineLD_v2.3_Annot_28_combined.txt
Combined file created: /gpfs/gibbs/pi/zhao/zb222/Anotation_pipeline/result/beta_collect/LD_v2.3_panel/trait_BMI/tar_EUR/baselineLD_v2.3_Annot_29/BMI_EUR_JointPRS_baselineLD_v2.3_Annot_29_combined.txt
Combined file created: /gpfs/gibbs/pi/zhao/zb222/Anotation_pipeline/result/beta_collect/LD_v2.3_panel/trait_BMI/tar_EUR/baselineLD_v2.3_Annot_30/BMI_EUR_JointPRS_baselineLD_v2.3_Annot_30_combined.txt
Combined file created: /gpfs/gibbs/pi/zhao/zb222/Anotation_pipeline/result/beta_collect/LD_v2.3_panel/trait_BMI/tar_EUR/baselineLD_v2.3_Annot_31/BMI_EUR_JointPRS_baselineLD_v2.3_Annot_31_combined.txt
Combined file created: /gpfs/gibbs/pi/zhao/zb222/Anotation_pipeline/result/beta_collect/LD_v2.3_panel/trait_BMI/tar_EUR/baselineLD_v2.3_Annot_32/BMI_EUR_JointPRS_baselineLD_v2.3_Annot_32_combined.txt
There are 34 annotations selected for trait:T2D; pop:EUR
Combined file created: /gpfs/gibbs/pi/zhao/zb222/Anotation_pipeline/result/beta_collect/LD_v2.3_panel/trait_T2D/tar_EUR/baselineLD_v2.3_Annot_1/T2D_EUR_JointPRS_baselineLD_v2.3_Annot_1_combined.txt
Combined file created: /gpfs/gibbs/pi/zhao/zb222/Anotation_pipeline/result/beta_collect/LD_v2.3_panel/trait_T2D/tar_EUR/baselineLD_v2.3_Annot_2/T2D_EUR_JointPRS_baselineLD_v2.3_Annot_2_combined.txt
Combined file created: /gpfs/gibbs/pi/zhao/zb222/Anotation_pipeline/result/beta_collect/LD_v2.3_panel/trait_T2D/tar_EUR/baselineLD_v2.3_Annot_3/T2D_EUR_JointPRS_baselineLD_v2.3_Annot_3_combined.txt
Combined file created: /gpfs/gibbs/pi/zhao/zb222/Anotation_pipeline/result/beta_collect/LD_v2.3_panel/trait_T2D/tar_EUR/baselineLD_v2.3_Annot_4/T2D_EUR_JointPRS_baselineLD_v2.3_Annot_4_combined.txt
Combined file created: /gpfs/gibbs/pi/zhao/zb222/Anotation_pipeline/result/beta_collect/LD_v2.3_panel/trait_T2D/tar_EUR/baselineLD_v2.3_Annot_5/T2D_EUR_JointPRS_baselineLD_v2.3_Annot_5_combined.txt
Combined file created: /gpfs/gibbs/pi/zhao/zb222/Anotation_pipeline/result/beta_collect/LD_v2.3_panel/trait_T2D/tar_EUR/baselineLD_v2.3_Annot_6/T2D_EUR_JointPRS_baselineLD_v2.3_Annot_6_combined.txt
Combined file created: /gpfs/gibbs/pi/zhao/zb222/Anotation_pipeline/result/beta_collect/LD_v2.3_panel/trait_T2D/tar_EUR/baselineLD_v2.3_Annot_7/T2D_EUR_JointPRS_baselineLD_v2.3_Annot_7_combined.txt
Combined file created: /gpfs/gibbs/pi/zhao/zb222/Anotation_pipeline/result/beta_collect/LD_v2.3_panel/trait_T2D/tar_EUR/baselineLD_v2.3_Annot_8/T2D_EUR_JointPRS_baselineLD_v2.3_Annot_8_combined.txt
Combined file created: /gpfs/gibbs/pi/zhao/zb222/Anotation_pipeline/result/beta_collect/LD_v2.3_panel/trait_T2D/tar_EUR/baselineLD_v2.3_Annot_9/T2D_EUR_JointPRS_baselineLD_v2.3_Annot_9_combined.txt
Combined file created: /gpfs/gibbs/pi/zhao/zb222/Anotation_pipeline/result/beta_collect/LD_v2.3_panel/trait_T2D/tar_EUR/baselineLD_v2.3_Annot_10/T2D_EUR_JointPRS_baselineLD_v2.3_Annot_10_combined.txt
Combined file created: /gpfs/gibbs/pi/zhao/zb222/Anotation_pipeline/result/beta_collect/LD_v2.3_panel/trait_T2D/tar_EUR/baselineLD_v2.3_Annot_11/T2D_EUR_JointPRS_baselineLD_v2.3_Annot_11_combined.txt
Combined file created: /gpfs/gibbs/pi/zhao/zb222/Anotation_pipeline/result/beta_collect/LD_v2.3_panel/trait_T2D/tar_EUR/baselineLD_v2.3_Annot_12/T2D_EUR_JointPRS_baselineLD_v2.3_Annot_12_combined.txt
Combined file created: /gpfs/gibbs/pi/zhao/zb222/Anotation_pipeline/result/beta_collect/LD_v2.3_panel/trait_T2D/tar_EUR/baselineLD_v2.3_Annot_13/T2D_EUR_JointPRS_baselineLD_v2.3_Annot_13_combined.txt
Combined file created: /gpfs/gibbs/pi/zhao/zb222/Anotation_pipeline/result/beta_collect/LD_v2.3_panel/trait_T2D/tar_EUR/baselineLD_v2.3_Annot_14/T2D_EUR_JointPRS_baselineLD_v2.3_Annot_14_combined.txt
Combined file created: /gpfs/gibbs/pi/zhao/zb222/Anotation_pipeline/result/beta_collect/LD_v2.3_panel/trait_T2D/tar_EUR/baselineLD_v2.3_Annot_15/T2D_EUR_JointPRS_baselineLD_v2.3_Annot_15_combined.txt
Combined file created: /gpfs/gibbs/pi/zhao/zb222/Anotation_pipeline/result/beta_collect/LD_v2.3_panel/trait_T2D/tar_EUR/baselineLD_v2.3_Annot_16/T2D_EUR_JointPRS_baselineLD_v2.3_Annot_16_combined.txt
Combined file created: /gpfs/gibbs/pi/zhao/zb222/Anotation_pipeline/result/beta_collect/LD_v2.3_panel/trait_T2D/tar_EUR/baselineLD_v2.3_Annot_17/T2D_EUR_JointPRS_baselineLD_v2.3_Annot_17_combined.txt
Combined file created: /gpfs/gibbs/pi/zhao/zb222/Anotation_pipeline/result/beta_collect/LD_v2.3_panel/trait_T2D/tar_EUR/baselineLD_v2.3_Annot_18/T2D_EUR_JointPRS_baselineLD_v2.3_Annot_18_combined.txt
Combined file created: /gpfs/gibbs/pi/zhao/zb222/Anotation_pipeline/result/beta_collect/LD_v2.3_panel/trait_T2D/tar_EUR/baselineLD_v2.3_Annot_19/T2D_EUR_JointPRS_baselineLD_v2.3_Annot_19_combined.txt
Combined file created: /gpfs/gibbs/pi/zhao/zb222/Anotation_pipeline/result/beta_collect/LD_v2.3_panel/trait_T2D/tar_EUR/baselineLD_v2.3_Annot_20/T2D_EUR_JointPRS_baselineLD_v2.3_Annot_20_combined.txt
Combined file created: /gpfs/gibbs/pi/zhao/zb222/Anotation_pipeline/result/beta_collect/LD_v2.3_panel/trait_T2D/tar_EUR/baselineLD_v2.3_Annot_21/T2D_EUR_JointPRS_baselineLD_v2.3_Annot_21_combined.txt
Combined file created: /gpfs/gibbs/pi/zhao/zb222/Anotation_pipeline/result/beta_collect/LD_v2.3_panel/trait_T2D/tar_EUR/baselineLD_v2.3_Annot_22/T2D_EUR_JointPRS_baselineLD_v2.3_Annot_22_combined.txt
Combined file created: /gpfs/gibbs/pi/zhao/zb222/Anotation_pipeline/result/beta_collect/LD_v2.3_panel/trait_T2D/tar_EUR/baselineLD_v2.3_Annot_23/T2D_EUR_JointPRS_baselineLD_v2.3_Annot_23_combined.txt
Combined file created: /gpfs/gibbs/pi/zhao/zb222/Anotation_pipeline/result/beta_collect/LD_v2.3_panel/trait_T2D/tar_EUR/baselineLD_v2.3_Annot_24/T2D_EUR_JointPRS_baselineLD_v2.3_Annot_24_combined.txt
Combined file created: /gpfs/gibbs/pi/zhao/zb222/Anotation_pipeline/result/beta_collect/LD_v2.3_panel/trait_T2D/tar_EUR/baselineLD_v2.3_Annot_25/T2D_EUR_JointPRS_baselineLD_v2.3_Annot_25_combined.txt
Combined file created: /gpfs/gibbs/pi/zhao/zb222/Anotation_pipeline/result/beta_collect/LD_v2.3_panel/trait_T2D/tar_EUR/baselineLD_v2.3_Annot_26/T2D_EUR_JointPRS_baselineLD_v2.3_Annot_26_combined.txt
Combined file created: /gpfs/gibbs/pi/zhao/zb222/Anotation_pipeline/result/beta_collect/LD_v2.3_panel/trait_T2D/tar_EUR/baselineLD_v2.3_Annot_27/T2D_EUR_JointPRS_baselineLD_v2.3_Annot_27_combined.txt
Combined file created: /gpfs/gibbs/pi/zhao/zb222/Anotation_pipeline/result/beta_collect/LD_v2.3_panel/trait_T2D/tar_EUR/baselineLD_v2.3_Annot_28/T2D_EUR_JointPRS_baselineLD_v2.3_Annot_28_combined.txt
Combined file created: /gpfs/gibbs/pi/zhao/zb222/Anotation_pipeline/result/beta_collect/LD_v2.3_panel/trait_T2D/tar_EUR/baselineLD_v2.3_Annot_29/T2D_EUR_JointPRS_baselineLD_v2.3_Annot_29_combined.txt
Combined file created: /gpfs/gibbs/pi/zhao/zb222/Anotation_pipeline/result/beta_collect/LD_v2.3_panel/trait_T2D/tar_EUR/baselineLD_v2.3_Annot_30/T2D_EUR_JointPRS_baselineLD_v2.3_Annot_30_combined.txt
Combined file created: /gpfs/gibbs/pi/zhao/zb222/Anotation_pipeline/result/beta_collect/LD_v2.3_panel/trait_T2D/tar_EUR/baselineLD_v2.3_Annot_31/T2D_EUR_JointPRS_baselineLD_v2.3_Annot_31_combined.txt
Combined file created: /gpfs/gibbs/pi/zhao/zb222/Anotation_pipeline/result/beta_collect/LD_v2.3_panel/trait_T2D/tar_EUR/baselineLD_v2.3_Annot_32/T2D_EUR_JointPRS_baselineLD_v2.3_Annot_32_combined.txt
Combined file created: /gpfs/gibbs/pi/zhao/zb222/Anotation_pipeline/result/beta_collect/LD_v2.3_panel/trait_T2D/tar_EUR/baselineLD_v2.3_Annot_33/T2D_EUR_JointPRS_baselineLD_v2.3_Annot_33_combined.txt
Combined file created: /gpfs/gibbs/pi/zhao/zb222/Anotation_pipeline/result/beta_collect/LD_v2.3_panel/trait_T2D/tar_EUR/baselineLD_v2.3_Annot_34/T2D_EUR_JointPRS_baselineLD_v2.3_Annot_34_combined.txt
There are 12 annotations selected for trait:BrC; pop:EUR
Combined file created: /gpfs/gibbs/pi/zhao/zb222/Anotation_pipeline/result/beta_collect/LD_v2.3_panel/trait_BrC/tar_EUR/baselineLD_v2.3_Annot_1/BrC_EUR_JointPRS_baselineLD_v2.3_Annot_1_combined.txt
Combined file created: /gpfs/gibbs/pi/zhao/zb222/Anotation_pipeline/result/beta_collect/LD_v2.3_panel/trait_BrC/tar_EUR/baselineLD_v2.3_Annot_2/BrC_EUR_JointPRS_baselineLD_v2.3_Annot_2_combined.txt
Combined file created: /gpfs/gibbs/pi/zhao/zb222/Anotation_pipeline/result/beta_collect/LD_v2.3_panel/trait_BrC/tar_EUR/baselineLD_v2.3_Annot_3/BrC_EUR_JointPRS_baselineLD_v2.3_Annot_3_combined.txt
Combined file created: /gpfs/gibbs/pi/zhao/zb222/Anotation_pipeline/result/beta_collect/LD_v2.3_panel/trait_BrC/tar_EUR/baselineLD_v2.3_Annot_4/BrC_EUR_JointPRS_baselineLD_v2.3_Annot_4_combined.txt
Combined file created: /gpfs/gibbs/pi/zhao/zb222/Anotation_pipeline/result/beta_collect/LD_v2.3_panel/trait_BrC/tar_EUR/baselineLD_v2.3_Annot_5/BrC_EUR_JointPRS_baselineLD_v2.3_Annot_5_combined.txt
Combined file created: /gpfs/gibbs/pi/zhao/zb222/Anotation_pipeline/result/beta_collect/LD_v2.3_panel/trait_BrC/tar_EUR/baselineLD_v2.3_Annot_6/BrC_EUR_JointPRS_baselineLD_v2.3_Annot_6_combined.txt
Combined file created: /gpfs/gibbs/pi/zhao/zb222/Anotation_pipeline/result/beta_collect/LD_v2.3_panel/trait_BrC/tar_EUR/baselineLD_v2.3_Annot_7/BrC_EUR_JointPRS_baselineLD_v2.3_Annot_7_combined.txt
Combined file created: /gpfs/gibbs/pi/zhao/zb222/Anotation_pipeline/result/beta_collect/LD_v2.3_panel/trait_BrC/tar_EUR/baselineLD_v2.3_Annot_8/BrC_EUR_JointPRS_baselineLD_v2.3_Annot_8_combined.txt
Combined file created: /gpfs/gibbs/pi/zhao/zb222/Anotation_pipeline/result/beta_collect/LD_v2.3_panel/trait_BrC/tar_EUR/baselineLD_v2.3_Annot_9/BrC_EUR_JointPRS_baselineLD_v2.3_Annot_9_combined.txt
Combined file created: /gpfs/gibbs/pi/zhao/zb222/Anotation_pipeline/result/beta_collect/LD_v2.3_panel/trait_BrC/tar_EUR/baselineLD_v2.3_Annot_10/BrC_EUR_JointPRS_baselineLD_v2.3_Annot_10_combined.txt
Combined file created: /gpfs/gibbs/pi/zhao/zb222/Anotation_pipeline/result/beta_collect/LD_v2.3_panel/trait_BrC/tar_EUR/baselineLD_v2.3_Annot_11/BrC_EUR_JointPRS_baselineLD_v2.3_Annot_11_combined.txt
Combined file created: /gpfs/gibbs/pi/zhao/zb222/Anotation_pipeline/result/beta_collect/LD_v2.3_panel/trait_BrC/tar_EUR/baselineLD_v2.3_Annot_12/BrC_EUR_JointPRS_baselineLD_v2.3_Annot_12_combined.txt
All files have been combined.
