Processing: Trait: logTG, Target Population: EUR, Chromosome: 7, phi: auto


--ref_dir=/gpfs/gibbs/pi/zhao/zb222/reference/BaselineLD_v2.3_hm3
--bim_prefix=/gpfs/gibbs/pi/zhao/zhao-data/yy496/ukbb_v3/ukbb3_neale/ukbb3_imp_nealqc/tmp_Ukb_imp_v3_neal
--sst_file=['/gpfs/gibbs/pi/zhao/zb222/Data/summary_data/PRS-CSx/logTG_EUR/7_JointPRS_baselineLD_v2.3_Annot_15.txt']
--rho_cons=[1.0, 1.0, 1.0, 1.0, 1.0]
--a=1
--b=0.5
--phi=None
--n_gwas=[853550]
--pop=['EUR']
--n_iter=1000
--n_burnin=500
--thin=5
--out_dir=/gpfs/gibbs/pi/zhao/zb222/Anotation_pipeline/result/beta/LD_v2.3_panel/trait_logTG/tar_EUR/baselineLD_v2.3_Annot_15
--out_name=logTG_EUR_JointPRS_baselineLD_v2.3_Annot_15
--chrom=['7']
--meta=FALSE
--seed=None


*** only 1 discovery population detected ***

##### process chromosome 7 #####
... parse reference file: /gpfs/gibbs/pi/zhao/zb222/reference/BaselineLD_v2.3_hm3/snpinfo_mult_1kg_hm3 ...
... 444461 SNPs on chromosome 7 read from /gpfs/gibbs/pi/zhao/zb222/reference/BaselineLD_v2.3_hm3/snpinfo_mult_1kg_hm3 ...
... parse bim file: /gpfs/gibbs/pi/zhao/zhao-data/yy496/ukbb_v3/ukbb3_neale/ukbb3_imp_nealqc/tmp_Ukb_imp_v3_neal.bim ...
... 779851 SNPs on chromosome 7 read from /gpfs/gibbs/pi/zhao/zhao-data/yy496/ukbb_v3/ukbb3_neale/ukbb3_imp_nealqc/tmp_Ukb_imp_v3_neal.bim ...
... parse EUR sumstats file: /gpfs/gibbs/pi/zhao/zb222/Data/summary_data/PRS-CSx/logTG_EUR/7_JointPRS_baselineLD_v2.3_Annot_15.txt ...
... 51667 SNPs read from /gpfs/gibbs/pi/zhao/zb222/Data/summary_data/PRS-CSx/logTG_EUR/7_JointPRS_baselineLD_v2.3_Annot_15.txt ...
... 50978 common SNPs in the EUR reference, EUR sumstats, and validation set ...
... parse EUR reference LD on chromosome 7 ...
... align reference LD on chromosome 7 across populations ...
... 50978 valid SNPs across populations ...
... MCMC ...
--- iter-100 ---
--- iter-200 ---
--- iter-300 ---
--- iter-400 ---
--- iter-500 ---
--- iter-600 ---
--- iter-700 ---
--- iter-800 ---
--- iter-900 ---
--- iter-1000 ---
... Estimated global shrinkage parameter: 1.71e-04 ...
... Estimated Correlation Matrix for chrom 7 is : ...
[[1.]]
... Done ...


Job took 0.62 hours to complete.
End of the Job.
