Processing: Trait: TC, Target Population: AMR, Chromosome: 4, phi: auto


--ref_dir=/gpfs/gibbs/pi/zhao/zb222/reference/BaselineLD_v2.3_hm3
--bim_prefix=/gpfs/gibbs/pi/zhao/zhao-data/yy496/ukbb_v3/ukbb3_neale/ukbb3_imp_nealqc/tmp_Ukb_imp_v3_neal
--sst_file=['/gpfs/gibbs/pi/zhao/zb222/Data/summary_data/PRS-CSx/TC_AMR/auxiliary_pop_EUR/4_JointPRS_baselineLD_v2.3_Annot_21.txt', '/gpfs/gibbs/pi/zhao/zb222/Data/summary_data/PRS-CSx/TC_AMR/4_JointPRS_baselineLD_v2.3_Annot_21.txt']
--rho_cons=[1.0, 1.0, 1.0, 1.0, 1.0]
--a=1
--b=0.5
--phi=None
--n_gwas=[918113, 41222]
--pop=['EUR', 'AMR']
--n_iter=2000
--n_burnin=1000
--thin=5
--out_dir=/gpfs/gibbs/pi/zhao/zb222/Anotation_pipeline/result/beta/LD_v2.3_panel/trait_TC/tar_AMR/baselineLD_v2.3_Annot_21
--out_name=TC_EUR_AMR_PRScsx_baselineLD_v2.3_Annot_21
--chrom=['4']
--meta=FALSE
--seed=None


*** 2 discovery populations detected ***

##### process chromosome 4 #####
... parse reference file: /gpfs/gibbs/pi/zhao/zb222/reference/BaselineLD_v2.3_hm3/snpinfo_mult_1kg_hm3 ...
... 554827 SNPs on chromosome 4 read from /gpfs/gibbs/pi/zhao/zb222/reference/BaselineLD_v2.3_hm3/snpinfo_mult_1kg_hm3 ...
... parse bim file: /gpfs/gibbs/pi/zhao/zhao-data/yy496/ukbb_v3/ukbb3_neale/ukbb3_imp_nealqc/tmp_Ukb_imp_v3_neal.bim ...
... 964172 SNPs on chromosome 4 read from /gpfs/gibbs/pi/zhao/zhao-data/yy496/ukbb_v3/ukbb3_neale/ukbb3_imp_nealqc/tmp_Ukb_imp_v3_neal.bim ...
... parse EUR sumstats file: /gpfs/gibbs/pi/zhao/zb222/Data/summary_data/PRS-CSx/TC_AMR/auxiliary_pop_EUR/4_JointPRS_baselineLD_v2.3_Annot_21.txt ...
... 174138 SNPs read from /gpfs/gibbs/pi/zhao/zb222/Data/summary_data/PRS-CSx/TC_AMR/auxiliary_pop_EUR/4_JointPRS_baselineLD_v2.3_Annot_21.txt ...
... 45591 common SNPs in the EUR reference, EUR sumstats, and validation set ...
... parse AMR sumstats file: /gpfs/gibbs/pi/zhao/zb222/Data/summary_data/PRS-CSx/TC_AMR/4_JointPRS_baselineLD_v2.3_Annot_21.txt ...
... 315406 SNPs read from /gpfs/gibbs/pi/zhao/zb222/Data/summary_data/PRS-CSx/TC_AMR/4_JointPRS_baselineLD_v2.3_Annot_21.txt ...
... 42450 common SNPs in the AMR reference, AMR sumstats, and validation set ...
... parse EUR reference LD on chromosome 4 ...
... parse AMR reference LD on chromosome 4 ...
... align reference LD on chromosome 4 across populations ...
... 47302 valid SNPs across populations ...
... MCMC ...
--- iter-100 ---
--- iter-200 ---
--- iter-300 ---
--- iter-400 ---
--- iter-500 ---
--- iter-600 ---
--- iter-700 ---
--- iter-800 ---
--- iter-900 ---
--- iter-1000 ---
--- iter-1100 ---
--- iter-1200 ---
--- iter-1300 ---
--- iter-1400 ---
--- iter-1500 ---
--- iter-1600 ---
--- iter-1700 ---
--- iter-1800 ---
--- iter-1900 ---
--- iter-2000 ---
... Estimated global shrinkage parameter: 7.57e-05 ...
... Estimated Correlation Matrix for chrom 4 is : ...
[[1.         0.39492858]
 [0.39492858 1.        ]]
... Done ...


Job took 1.51 hours to complete.
End of the Job.
