Processing: Trait: TC, Target Population: SAS, Chromosome: 21, phi: auto


--ref_dir=/gpfs/gibbs/pi/zhao/zb222/reference/BaselineLD_v2.3_hm3
--bim_prefix=/gpfs/gibbs/pi/zhao/zhao-data/yy496/ukbb_v3/ukbb3_neale/ukbb3_imp_nealqc/tmp_Ukb_imp_v3_neal
--sst_file=['/gpfs/gibbs/pi/zhao/zb222/Data/summary_data/PRS-CSx/TC_SAS/auxiliary_pop_EUR/21_JointPRS_baselineLD_v2.3_Annot_3.txt', '/gpfs/gibbs/pi/zhao/zb222/Data/summary_data/PRS-CSx/TC_SAS/21_JointPRS_baselineLD_v2.3_Annot_3.txt']
--rho_cons=[1.0, 1.0, 1.0, 1.0, 1.0]
--a=1
--b=0.5
--phi=None
--n_gwas=[918113, 34135]
--pop=['EUR', 'SAS']
--n_iter=2000
--n_burnin=1000
--thin=5
--out_dir=/gpfs/gibbs/pi/zhao/zb222/Anotation_pipeline/result/beta/LD_v2.3_panel/trait_TC/tar_SAS/baselineLD_v2.3_Annot_3
--out_name=TC_EUR_SAS_PRScsx_baselineLD_v2.3_Annot_3
--chrom=['21']
--meta=FALSE
--seed=None


*** 2 discovery populations detected ***

##### process chromosome 21 #####
... parse reference file: /gpfs/gibbs/pi/zhao/zb222/reference/BaselineLD_v2.3_hm3/snpinfo_mult_1kg_hm3 ...
... 103474 SNPs on chromosome 21 read from /gpfs/gibbs/pi/zhao/zb222/reference/BaselineLD_v2.3_hm3/snpinfo_mult_1kg_hm3 ...
... parse bim file: /gpfs/gibbs/pi/zhao/zhao-data/yy496/ukbb_v3/ukbb3_neale/ukbb3_imp_nealqc/tmp_Ukb_imp_v3_neal.bim ...
... 177419 SNPs on chromosome 21 read from /gpfs/gibbs/pi/zhao/zhao-data/yy496/ukbb_v3/ukbb3_neale/ukbb3_imp_nealqc/tmp_Ukb_imp_v3_neal.bim ...
... parse EUR sumstats file: /gpfs/gibbs/pi/zhao/zb222/Data/summary_data/PRS-CSx/TC_SAS/auxiliary_pop_EUR/21_JointPRS_baselineLD_v2.3_Annot_3.txt ...
... 186051 SNPs read from /gpfs/gibbs/pi/zhao/zb222/Data/summary_data/PRS-CSx/TC_SAS/auxiliary_pop_EUR/21_JointPRS_baselineLD_v2.3_Annot_3.txt ...
... 32574 common SNPs in the EUR reference, EUR sumstats, and validation set ...
... parse SAS sumstats file: /gpfs/gibbs/pi/zhao/zb222/Data/summary_data/PRS-CSx/TC_SAS/21_JointPRS_baselineLD_v2.3_Annot_3.txt ...
... 200920 SNPs read from /gpfs/gibbs/pi/zhao/zb222/Data/summary_data/PRS-CSx/TC_SAS/21_JointPRS_baselineLD_v2.3_Annot_3.txt ...
... 28272 common SNPs in the SAS reference, SAS sumstats, and validation set ...
... parse EUR reference LD on chromosome 21 ...
... parse SAS reference LD on chromosome 21 ...
... align reference LD on chromosome 21 across populations ...
... 33259 valid SNPs across populations ...
... MCMC ...
--- iter-100 ---
--- iter-200 ---
--- iter-300 ---
--- iter-400 ---
--- iter-500 ---
--- iter-600 ---
--- iter-700 ---
--- iter-800 ---
--- iter-900 ---
--- iter-1000 ---
--- iter-1100 ---
--- iter-1200 ---
--- iter-1300 ---
--- iter-1400 ---
--- iter-1500 ---
--- iter-1600 ---
--- iter-1700 ---
--- iter-1800 ---
--- iter-1900 ---
--- iter-2000 ---
... Estimated global shrinkage parameter: 4.20e-05 ...
... Estimated Correlation Matrix for chrom 21 is : ...
[[1.         0.08743805]
 [0.08743805 1.        ]]
... Done ...


Job took 2.05 hours to complete.
End of the Job.
