Processing: Trait: BrC, Target Population: EAS, Chromosome: 21, phi: auto


--ref_dir=/gpfs/gibbs/pi/zhao/zb222/reference/BaselineLD_v2.3_hm3
--bim_prefix=/gpfs/gibbs/pi/zhao/zhao-data/yy496/ukbb_v3/ukbb3_neale/ukbb3_imp_nealqc/tmp_Ukb_imp_v3_neal
--sst_file=['/gpfs/gibbs/pi/zhao/zb222/Data/summary_data/PRS-CSx/BrC_EAS/auxiliary_pop_EUR/21_JointPRS_baselineLD_v2.3_Annot_6.txt', '/gpfs/gibbs/pi/zhao/zb222/Data/summary_data/PRS-CSx/BrC_EAS/21_JointPRS_baselineLD_v2.3_Annot_6.txt']
--rho_cons=[1.0, 1.0, 1.0, 1.0, 1.0]
--a=1
--b=0.5
--phi=None
--n_gwas=[245620, 27138]
--pop=['EUR', 'EAS']
--n_iter=2000
--n_burnin=1000
--thin=5
--out_dir=/gpfs/gibbs/pi/zhao/zb222/Anotation_pipeline/result/beta/LD_v2.3_panel/trait_BrC/tar_EAS/baselineLD_v2.3_Annot_6
--out_name=BrC_EUR_EAS_PRScsx_baselineLD_v2.3_Annot_6
--chrom=['21']
--meta=FALSE
--seed=None


*** 2 discovery populations detected ***

##### process chromosome 21 #####
... parse reference file: /gpfs/gibbs/pi/zhao/zb222/reference/BaselineLD_v2.3_hm3/snpinfo_mult_1kg_hm3 ...
... 103474 SNPs on chromosome 21 read from /gpfs/gibbs/pi/zhao/zb222/reference/BaselineLD_v2.3_hm3/snpinfo_mult_1kg_hm3 ...
... parse bim file: /gpfs/gibbs/pi/zhao/zhao-data/yy496/ukbb_v3/ukbb3_neale/ukbb3_imp_nealqc/tmp_Ukb_imp_v3_neal.bim ...
... 177419 SNPs on chromosome 21 read from /gpfs/gibbs/pi/zhao/zhao-data/yy496/ukbb_v3/ukbb3_neale/ukbb3_imp_nealqc/tmp_Ukb_imp_v3_neal.bim ...
... parse EUR sumstats file: /gpfs/gibbs/pi/zhao/zb222/Data/summary_data/PRS-CSx/BrC_EAS/auxiliary_pop_EUR/21_JointPRS_baselineLD_v2.3_Annot_6.txt ...
... 179380 SNPs read from /gpfs/gibbs/pi/zhao/zb222/Data/summary_data/PRS-CSx/BrC_EAS/auxiliary_pop_EUR/21_JointPRS_baselineLD_v2.3_Annot_6.txt ...
... 40987 common SNPs in the EUR reference, EUR sumstats, and validation set ...
... parse EAS sumstats file: /gpfs/gibbs/pi/zhao/zb222/Data/summary_data/PRS-CSx/BrC_EAS/21_JointPRS_baselineLD_v2.3_Annot_6.txt ...
... 122277 SNPs read from /gpfs/gibbs/pi/zhao/zb222/Data/summary_data/PRS-CSx/BrC_EAS/21_JointPRS_baselineLD_v2.3_Annot_6.txt ...
... 26118 common SNPs in the EAS reference, EAS sumstats, and validation set ...
... parse EUR reference LD on chromosome 21 ...
... parse EAS reference LD on chromosome 21 ...
... align reference LD on chromosome 21 across populations ...
... 41544 valid SNPs across populations ...
... MCMC ...
--- iter-100 ---
--- iter-200 ---
--- iter-300 ---
--- iter-400 ---
--- iter-500 ---
--- iter-600 ---
--- iter-700 ---
--- iter-800 ---
--- iter-900 ---
--- iter-1000 ---
--- iter-1100 ---
--- iter-1200 ---
--- iter-1300 ---
--- iter-1400 ---
--- iter-1500 ---
--- iter-1600 ---
--- iter-1700 ---
--- iter-1800 ---
--- iter-1900 ---
--- iter-2000 ---
... Estimated global shrinkage parameter: 3.56e-05 ...
... Estimated Correlation Matrix for chrom 21 is : ...
[[1.         0.35942433]
 [0.35942433 1.        ]]
... Done ...


Job took 2.31 hours to complete.
End of the Job.
