Processing: Trait: Height, Target Population: AFR, Chromosome: 17, phi: auto


--ref_dir=/gpfs/gibbs/pi/zhao/zb222/reference/BaselineLD_v2.3_hm3
--bim_prefix=/gpfs/gibbs/pi/zhao/zhao-data/yy496/ukbb_v3/ukbb3_neale/ukbb3_imp_nealqc/tmp_Ukb_imp_v3_neal
--sst_file=['/gpfs/gibbs/pi/zhao/zb222/Data/summary_data/PRS-CSx/Height_AFR/auxiliary_pop_EUR/17_JointPRS_baselineLD_v2.3_Annot_3.txt', '/gpfs/gibbs/pi/zhao/zb222/Data/summary_data/PRS-CSx/Height_AFR/17_JointPRS_baselineLD_v2.3_Annot_3.txt']
--rho_cons=[1.0, 1.0, 1.0, 1.0, 1.0]
--a=1
--b=0.5
--phi=None
--n_gwas=[251955, 49781]
--pop=['EUR', 'AFR']
--n_iter=2000
--n_burnin=1000
--thin=5
--out_dir=/gpfs/gibbs/pi/zhao/zb222/Anotation_pipeline/result/beta/LD_v2.3_panel/trait_Height/tar_AFR/baselineLD_v2.3_Annot_3
--out_name=Height_EUR_AFR_PRScsx_baselineLD_v2.3_Annot_3
--chrom=['17']
--meta=FALSE
--seed=None


*** 2 discovery populations detected ***

##### process chromosome 17 #####
... parse reference file: /gpfs/gibbs/pi/zhao/zb222/reference/BaselineLD_v2.3_hm3/snpinfo_mult_1kg_hm3 ...
... 204639 SNPs on chromosome 17 read from /gpfs/gibbs/pi/zhao/zb222/reference/BaselineLD_v2.3_hm3/snpinfo_mult_1kg_hm3 ...
... parse bim file: /gpfs/gibbs/pi/zhao/zhao-data/yy496/ukbb_v3/ukbb3_neale/ukbb3_imp_nealqc/tmp_Ukb_imp_v3_neal.bim ...
... 360973 SNPs on chromosome 17 read from /gpfs/gibbs/pi/zhao/zhao-data/yy496/ukbb_v3/ukbb3_neale/ukbb3_imp_nealqc/tmp_Ukb_imp_v3_neal.bim ...
... parse EUR sumstats file: /gpfs/gibbs/pi/zhao/zb222/Data/summary_data/PRS-CSx/Height_AFR/auxiliary_pop_EUR/17_JointPRS_baselineLD_v2.3_Annot_3.txt ...
... 92749 SNPs read from /gpfs/gibbs/pi/zhao/zb222/Data/summary_data/PRS-CSx/Height_AFR/auxiliary_pop_EUR/17_JointPRS_baselineLD_v2.3_Annot_3.txt ...
... 23898 common SNPs in the EUR reference, EUR sumstats, and validation set ...
... parse AFR sumstats file: /gpfs/gibbs/pi/zhao/zb222/Data/summary_data/PRS-CSx/Height_AFR/17_JointPRS_baselineLD_v2.3_Annot_3.txt ...
... 842734 SNPs read from /gpfs/gibbs/pi/zhao/zb222/Data/summary_data/PRS-CSx/Height_AFR/17_JointPRS_baselineLD_v2.3_Annot_3.txt ...
... 66216 common SNPs in the AFR reference, AFR sumstats, and validation set ...
... parse EUR reference LD on chromosome 17 ...
... parse AFR reference LD on chromosome 17 ...
... align reference LD on chromosome 17 across populations ...
... 67629 valid SNPs across populations ...
... MCMC ...
--- iter-100 ---
--- iter-200 ---
--- iter-300 ---
--- iter-400 ---
--- iter-500 ---
--- iter-600 ---
--- iter-700 ---
--- iter-800 ---
--- iter-900 ---
--- iter-1000 ---
--- iter-1100 ---
--- iter-1200 ---
--- iter-1300 ---
--- iter-1400 ---
--- iter-1500 ---
--- iter-1600 ---
--- iter-1700 ---
--- iter-1800 ---
--- iter-1900 ---
--- iter-2000 ---
... Estimated global shrinkage parameter: 1.34e-04 ...
... Estimated Correlation Matrix for chrom 17 is : ...
[[1.         0.64912867]
 [0.64912867 1.        ]]
... Done ...


Job took 2.46 hours to complete.
End of the Job.
