Processing: Trait: TC, Target Population: AMR, Chromosome: 22, phi: auto


--ref_dir=/gpfs/gibbs/pi/zhao/zb222/reference/BaselineLD_v2.3_hm3
--bim_prefix=/gpfs/gibbs/pi/zhao/zhao-data/yy496/ukbb_v3/ukbb3_neale/ukbb3_imp_nealqc/tmp_Ukb_imp_v3_neal
--sst_file=['/gpfs/gibbs/pi/zhao/zb222/Data/summary_data/PRS-CSx/TC_AMR/auxiliary_pop_EUR/22_JointPRS_baselineLD_v2.3_Annot_22.txt', '/gpfs/gibbs/pi/zhao/zb222/Data/summary_data/PRS-CSx/TC_AMR/22_JointPRS_baselineLD_v2.3_Annot_22.txt']
--rho_cons=[1.0, 1.0, 1.0, 1.0, 1.0]
--a=1
--b=0.5
--phi=None
--n_gwas=[918113, 41222]
--pop=['EUR', 'AMR']
--n_iter=2000
--n_burnin=1000
--thin=5
--out_dir=/gpfs/gibbs/pi/zhao/zb222/Anotation_pipeline/result/beta/LD_v2.3_panel/trait_TC/tar_AMR/baselineLD_v2.3_Annot_22
--out_name=TC_EUR_AMR_PRScsx_baselineLD_v2.3_Annot_22
--chrom=['22']
--meta=FALSE
--seed=None


*** 2 discovery populations detected ***

##### process chromosome 22 #####
... parse reference file: /gpfs/gibbs/pi/zhao/zb222/reference/BaselineLD_v2.3_hm3/snpinfo_mult_1kg_hm3 ...
... 106089 SNPs on chromosome 22 read from /gpfs/gibbs/pi/zhao/zb222/reference/BaselineLD_v2.3_hm3/snpinfo_mult_1kg_hm3 ...
... parse bim file: /gpfs/gibbs/pi/zhao/zhao-data/yy496/ukbb_v3/ukbb3_neale/ukbb3_imp_nealqc/tmp_Ukb_imp_v3_neal.bim ...
... 178873 SNPs on chromosome 22 read from /gpfs/gibbs/pi/zhao/zhao-data/yy496/ukbb_v3/ukbb3_neale/ukbb3_imp_nealqc/tmp_Ukb_imp_v3_neal.bim ...
... parse EUR sumstats file: /gpfs/gibbs/pi/zhao/zb222/Data/summary_data/PRS-CSx/TC_AMR/auxiliary_pop_EUR/22_JointPRS_baselineLD_v2.3_Annot_22.txt ...
... 57276 SNPs read from /gpfs/gibbs/pi/zhao/zb222/Data/summary_data/PRS-CSx/TC_AMR/auxiliary_pop_EUR/22_JointPRS_baselineLD_v2.3_Annot_22.txt ...
... 7082 common SNPs in the EUR reference, EUR sumstats, and validation set ...
... parse AMR sumstats file: /gpfs/gibbs/pi/zhao/zb222/Data/summary_data/PRS-CSx/TC_AMR/22_JointPRS_baselineLD_v2.3_Annot_22.txt ...
... 85285 SNPs read from /gpfs/gibbs/pi/zhao/zb222/Data/summary_data/PRS-CSx/TC_AMR/22_JointPRS_baselineLD_v2.3_Annot_22.txt ...
... 6542 common SNPs in the AMR reference, AMR sumstats, and validation set ...
... parse EUR reference LD on chromosome 22 ...
... parse AMR reference LD on chromosome 22 ...
... align reference LD on chromosome 22 across populations ...
... 7346 valid SNPs across populations ...
... MCMC ...
--- iter-100 ---
--- iter-200 ---
--- iter-300 ---
--- iter-400 ---
--- iter-500 ---
--- iter-600 ---
--- iter-700 ---
--- iter-800 ---
--- iter-900 ---
--- iter-1000 ---
--- iter-1100 ---
--- iter-1200 ---
--- iter-1300 ---
--- iter-1400 ---
--- iter-1500 ---
--- iter-1600 ---
--- iter-1700 ---
--- iter-1800 ---
--- iter-1900 ---
--- iter-2000 ---
... Estimated global shrinkage parameter: 2.03e-04 ...
... Estimated Correlation Matrix for chrom 22 is : ...
[[1.         0.46708866]
 [0.46708866 1.        ]]
... Done ...


Job took 0.11 hours to complete.
End of the Job.
