Processing: Trait: T2D, Target Population: EAS, Chromosome: 10, phi: auto


--ref_dir=/gpfs/gibbs/pi/zhao/zb222/reference/BaselineLD_v2.3_hm3
--bim_prefix=/gpfs/gibbs/pi/zhao/zhao-data/yy496/ukbb_v3/ukbb3_neale/ukbb3_imp_nealqc/tmp_Ukb_imp_v3_neal
--sst_file=['/gpfs/gibbs/pi/zhao/zb222/Data/summary_data/PRS-CSx/T2D_EAS/auxiliary_pop_EUR/10_JointPRS_baselineLD_v2.3_Annot_7.txt', '/gpfs/gibbs/pi/zhao/zb222/Data/summary_data/PRS-CSx/T2D_EAS/10_JointPRS_baselineLD_v2.3_Annot_7.txt']
--rho_cons=[1.0, 1.0, 1.0, 1.0, 1.0]
--a=1
--b=0.5
--phi=None
--n_gwas=[193440, 118493]
--pop=['EUR', 'EAS']
--n_iter=2000
--n_burnin=1000
--thin=5
--out_dir=/gpfs/gibbs/pi/zhao/zb222/Anotation_pipeline/result/beta/LD_v2.3_panel/trait_T2D/tar_EAS/baselineLD_v2.3_Annot_7
--out_name=T2D_EUR_EAS_PRScsx_baselineLD_v2.3_Annot_7
--chrom=['10']
--meta=FALSE
--seed=None


*** 2 discovery populations detected ***

##### process chromosome 10 #####
... parse reference file: /gpfs/gibbs/pi/zhao/zb222/reference/BaselineLD_v2.3_hm3/snpinfo_mult_1kg_hm3 ...
... 390027 SNPs on chromosome 10 read from /gpfs/gibbs/pi/zhao/zb222/reference/BaselineLD_v2.3_hm3/snpinfo_mult_1kg_hm3 ...
... parse bim file: /gpfs/gibbs/pi/zhao/zhao-data/yy496/ukbb_v3/ukbb3_neale/ukbb3_imp_nealqc/tmp_Ukb_imp_v3_neal.bim ...
... 673147 SNPs on chromosome 10 read from /gpfs/gibbs/pi/zhao/zhao-data/yy496/ukbb_v3/ukbb3_neale/ukbb3_imp_nealqc/tmp_Ukb_imp_v3_neal.bim ...
... parse EUR sumstats file: /gpfs/gibbs/pi/zhao/zb222/Data/summary_data/PRS-CSx/T2D_EAS/auxiliary_pop_EUR/10_JointPRS_baselineLD_v2.3_Annot_7.txt ...
... 201882 SNPs read from /gpfs/gibbs/pi/zhao/zb222/Data/summary_data/PRS-CSx/T2D_EAS/auxiliary_pop_EUR/10_JointPRS_baselineLD_v2.3_Annot_7.txt ...
... 67111 common SNPs in the EUR reference, EUR sumstats, and validation set ...
... parse EAS sumstats file: /gpfs/gibbs/pi/zhao/zb222/Data/summary_data/PRS-CSx/T2D_EAS/10_JointPRS_baselineLD_v2.3_Annot_7.txt ...
... 126012 SNPs read from /gpfs/gibbs/pi/zhao/zb222/Data/summary_data/PRS-CSx/T2D_EAS/10_JointPRS_baselineLD_v2.3_Annot_7.txt ...
... 46810 common SNPs in the EAS reference, EAS sumstats, and validation set ...
... parse EUR reference LD on chromosome 10 ...
... parse EAS reference LD on chromosome 10 ...
... align reference LD on chromosome 10 across populations ...
... 69441 valid SNPs across populations ...
... MCMC ...
--- iter-100 ---
--- iter-200 ---
--- iter-300 ---
--- iter-400 ---
--- iter-500 ---
--- iter-600 ---
--- iter-700 ---
--- iter-800 ---
--- iter-900 ---
--- iter-1000 ---
--- iter-1100 ---
--- iter-1200 ---
--- iter-1300 ---
--- iter-1400 ---
--- iter-1500 ---
--- iter-1600 ---
--- iter-1700 ---
--- iter-1800 ---
--- iter-1900 ---
--- iter-2000 ---
... Estimated global shrinkage parameter: 6.91e-05 ...
... Estimated Correlation Matrix for chrom 10 is : ...
[[1.         0.00623417]
 [0.00623417 1.        ]]
... Done ...


Job took 4.05 hours to complete.
End of the Job.
