Processing: Trait: HDL, Target Population: AMR, Chromosome: 17, phi: auto


--ref_dir=/gpfs/gibbs/pi/zhao/zb222/reference/BaselineLD_v2.3_hm3
--bim_prefix=/gpfs/gibbs/pi/zhao/zhao-data/yy496/ukbb_v3/ukbb3_neale/ukbb3_imp_nealqc/tmp_Ukb_imp_v3_neal
--sst_file=['/gpfs/gibbs/pi/zhao/zb222/Data/summary_data/PRS-CSx/HDL_AMR/auxiliary_pop_EUR/17_JointPRS_baselineLD_v2.3_Annot_11.txt', '/gpfs/gibbs/pi/zhao/zb222/Data/summary_data/PRS-CSx/HDL_AMR/17_JointPRS_baselineLD_v2.3_Annot_11.txt']
--rho_cons=[1.0, 1.0, 1.0, 1.0, 1.0]
--a=1
--b=0.5
--phi=None
--n_gwas=[875625, 39602]
--pop=['EUR', 'AMR']
--n_iter=2000
--n_burnin=1000
--thin=5
--out_dir=/gpfs/gibbs/pi/zhao/zb222/Anotation_pipeline/result/beta/LD_v2.3_panel/trait_HDL/tar_AMR/baselineLD_v2.3_Annot_11
--out_name=HDL_EUR_AMR_PRScsx_baselineLD_v2.3_Annot_11
--chrom=['17']
--meta=FALSE
--seed=None


*** 2 discovery populations detected ***

##### process chromosome 17 #####
... parse reference file: /gpfs/gibbs/pi/zhao/zb222/reference/BaselineLD_v2.3_hm3/snpinfo_mult_1kg_hm3 ...
... 204639 SNPs on chromosome 17 read from /gpfs/gibbs/pi/zhao/zb222/reference/BaselineLD_v2.3_hm3/snpinfo_mult_1kg_hm3 ...
... parse bim file: /gpfs/gibbs/pi/zhao/zhao-data/yy496/ukbb_v3/ukbb3_neale/ukbb3_imp_nealqc/tmp_Ukb_imp_v3_neal.bim ...
... 360973 SNPs on chromosome 17 read from /gpfs/gibbs/pi/zhao/zhao-data/yy496/ukbb_v3/ukbb3_neale/ukbb3_imp_nealqc/tmp_Ukb_imp_v3_neal.bim ...
... parse EUR sumstats file: /gpfs/gibbs/pi/zhao/zb222/Data/summary_data/PRS-CSx/HDL_AMR/auxiliary_pop_EUR/17_JointPRS_baselineLD_v2.3_Annot_11.txt ...
... 307839 SNPs read from /gpfs/gibbs/pi/zhao/zb222/Data/summary_data/PRS-CSx/HDL_AMR/auxiliary_pop_EUR/17_JointPRS_baselineLD_v2.3_Annot_11.txt ...
... 66930 common SNPs in the EUR reference, EUR sumstats, and validation set ...
... parse AMR sumstats file: /gpfs/gibbs/pi/zhao/zb222/Data/summary_data/PRS-CSx/HDL_AMR/17_JointPRS_baselineLD_v2.3_Annot_11.txt ...
... 460069 SNPs read from /gpfs/gibbs/pi/zhao/zb222/Data/summary_data/PRS-CSx/HDL_AMR/17_JointPRS_baselineLD_v2.3_Annot_11.txt ...
... 61533 common SNPs in the AMR reference, AMR sumstats, and validation set ...
... parse EUR reference LD on chromosome 17 ...
... parse AMR reference LD on chromosome 17 ...
... align reference LD on chromosome 17 across populations ...
... 69069 valid SNPs across populations ...
... MCMC ...
--- iter-100 ---
--- iter-200 ---
--- iter-300 ---
--- iter-400 ---
--- iter-500 ---
--- iter-600 ---
--- iter-700 ---
--- iter-800 ---
--- iter-900 ---
--- iter-1000 ---
--- iter-1100 ---
--- iter-1200 ---
--- iter-1300 ---
--- iter-1400 ---
--- iter-1500 ---
--- iter-1600 ---
--- iter-1700 ---
--- iter-1800 ---
--- iter-1900 ---
--- iter-2000 ---
... Estimated global shrinkage parameter: 1.05e-04 ...
... Estimated Correlation Matrix for chrom 17 is : ...
[[1.         0.37504086]
 [0.37504086 1.        ]]
... Done ...


Job took 5.23 hours to complete.
End of the Job.
