Processing: Trait: LDL, Target Population: AMR, Chromosome: 18, phi: auto


--ref_dir=/gpfs/gibbs/pi/zhao/zb222/reference/BaselineLD_v2.3_hm3
--bim_prefix=/gpfs/gibbs/pi/zhao/zhao-data/yy496/ukbb_v3/ukbb3_neale/ukbb3_imp_nealqc/tmp_Ukb_imp_v3_neal
--sst_file=['/gpfs/gibbs/pi/zhao/zb222/Data/summary_data/PRS-CSx/LDL_AMR/auxiliary_pop_EUR/18_JointPRS_baselineLD_v2.3_Annot_2.txt', '/gpfs/gibbs/pi/zhao/zb222/Data/summary_data/PRS-CSx/LDL_AMR/18_JointPRS_baselineLD_v2.3_Annot_2.txt']
--rho_cons=[1.0, 1.0, 1.0, 1.0, 1.0]
--a=1
--b=0.5
--phi=None
--n_gwas=[832800, 35885]
--pop=['EUR', 'AMR']
--n_iter=2000
--n_burnin=1000
--thin=5
--out_dir=/gpfs/gibbs/pi/zhao/zb222/Anotation_pipeline/result/beta/LD_v2.3_panel/trait_LDL/tar_AMR/baselineLD_v2.3_Annot_2
--out_name=LDL_EUR_AMR_PRScsx_baselineLD_v2.3_Annot_2
--chrom=['18']
--meta=FALSE
--seed=None


*** 2 discovery populations detected ***

##### process chromosome 18 #####
... parse reference file: /gpfs/gibbs/pi/zhao/zb222/reference/BaselineLD_v2.3_hm3/snpinfo_mult_1kg_hm3 ...
... 218846 SNPs on chromosome 18 read from /gpfs/gibbs/pi/zhao/zb222/reference/BaselineLD_v2.3_hm3/snpinfo_mult_1kg_hm3 ...
... parse bim file: /gpfs/gibbs/pi/zhao/zhao-data/yy496/ukbb_v3/ukbb3_neale/ukbb3_imp_nealqc/tmp_Ukb_imp_v3_neal.bim ...
... 372432 SNPs on chromosome 18 read from /gpfs/gibbs/pi/zhao/zhao-data/yy496/ukbb_v3/ukbb3_neale/ukbb3_imp_nealqc/tmp_Ukb_imp_v3_neal.bim ...
... parse EUR sumstats file: /gpfs/gibbs/pi/zhao/zb222/Data/summary_data/PRS-CSx/LDL_AMR/auxiliary_pop_EUR/18_JointPRS_baselineLD_v2.3_Annot_2.txt ...
... 199216 SNPs read from /gpfs/gibbs/pi/zhao/zb222/Data/summary_data/PRS-CSx/LDL_AMR/auxiliary_pop_EUR/18_JointPRS_baselineLD_v2.3_Annot_2.txt ...
... 60636 common SNPs in the EUR reference, EUR sumstats, and validation set ...
... parse AMR sumstats file: /gpfs/gibbs/pi/zhao/zb222/Data/summary_data/PRS-CSx/LDL_AMR/18_JointPRS_baselineLD_v2.3_Annot_2.txt ...
... 245954 SNPs read from /gpfs/gibbs/pi/zhao/zb222/Data/summary_data/PRS-CSx/LDL_AMR/18_JointPRS_baselineLD_v2.3_Annot_2.txt ...
... 55676 common SNPs in the AMR reference, AMR sumstats, and validation set ...
... parse EUR reference LD on chromosome 18 ...
... parse AMR reference LD on chromosome 18 ...
... align reference LD on chromosome 18 across populations ...
... 62296 valid SNPs across populations ...
... MCMC ...
--- iter-100 ---
--- iter-200 ---
--- iter-300 ---
--- iter-400 ---
--- iter-500 ---
--- iter-600 ---
--- iter-700 ---
--- iter-800 ---
--- iter-900 ---
--- iter-1000 ---
--- iter-1100 ---
--- iter-1200 ---
--- iter-1300 ---
--- iter-1400 ---
--- iter-1500 ---
--- iter-1600 ---
--- iter-1700 ---
--- iter-1800 ---
--- iter-1900 ---
--- iter-2000 ---
... Estimated global shrinkage parameter: 4.41e-05 ...
... Estimated Correlation Matrix for chrom 18 is : ...
[[1.         0.26180963]
 [0.26180963 1.        ]]
... Done ...


Job took 3.10 hours to complete.
End of the Job.
