Processing: Trait: logTG, Target Population: AFR, Chromosome: 3, phi: auto


--ref_dir=/gpfs/gibbs/pi/zhao/zb222/reference/BaselineLD_v2.3_hm3
--bim_prefix=/gpfs/gibbs/pi/zhao/zhao-data/yy496/ukbb_v3/ukbb3_neale/ukbb3_imp_nealqc/tmp_Ukb_imp_v3_neal
--sst_file=['/gpfs/gibbs/pi/zhao/zb222/Data/summary_data/PRS-CSx/logTG_AFR/auxiliary_pop_EUR/3_JointPRS_baselineLD_v2.3_Annot_6.txt', '/gpfs/gibbs/pi/zhao/zb222/Data/summary_data/PRS-CSx/logTG_AFR/3_JointPRS_baselineLD_v2.3_Annot_6.txt']
--rho_cons=[1.0, 1.0, 1.0, 1.0, 1.0]
--a=1
--b=0.5
--phi=None
--n_gwas=[853550, 87939]
--pop=['EUR', 'AFR']
--n_iter=2000
--n_burnin=1000
--thin=5
--out_dir=/gpfs/gibbs/pi/zhao/zb222/Anotation_pipeline/result/beta/LD_v2.3_panel/trait_logTG/tar_AFR/baselineLD_v2.3_Annot_6
--out_name=logTG_EUR_AFR_PRScsx_baselineLD_v2.3_Annot_6
--chrom=['3']
--meta=FALSE
--seed=None


*** 2 discovery populations detected ***

##### process chromosome 3 #####
... parse reference file: /gpfs/gibbs/pi/zhao/zb222/reference/BaselineLD_v2.3_hm3/snpinfo_mult_1kg_hm3 ...
... 537639 SNPs on chromosome 3 read from /gpfs/gibbs/pi/zhao/zb222/reference/BaselineLD_v2.3_hm3/snpinfo_mult_1kg_hm3 ...
... parse bim file: /gpfs/gibbs/pi/zhao/zhao-data/yy496/ukbb_v3/ukbb3_neale/ukbb3_imp_nealqc/tmp_Ukb_imp_v3_neal.bim ...
... 953594 SNPs on chromosome 3 read from /gpfs/gibbs/pi/zhao/zhao-data/yy496/ukbb_v3/ukbb3_neale/ukbb3_imp_nealqc/tmp_Ukb_imp_v3_neal.bim ...
... parse EUR sumstats file: /gpfs/gibbs/pi/zhao/zb222/Data/summary_data/PRS-CSx/logTG_AFR/auxiliary_pop_EUR/3_JointPRS_baselineLD_v2.3_Annot_6.txt ...
... 613769 SNPs read from /gpfs/gibbs/pi/zhao/zb222/Data/summary_data/PRS-CSx/logTG_AFR/auxiliary_pop_EUR/3_JointPRS_baselineLD_v2.3_Annot_6.txt ...
... 203853 common SNPs in the EUR reference, EUR sumstats, and validation set ...
... parse AFR sumstats file: /gpfs/gibbs/pi/zhao/zb222/Data/summary_data/PRS-CSx/logTG_AFR/3_JointPRS_baselineLD_v2.3_Annot_6.txt ...
... 1067151 SNPs read from /gpfs/gibbs/pi/zhao/zb222/Data/summary_data/PRS-CSx/logTG_AFR/3_JointPRS_baselineLD_v2.3_Annot_6.txt ...
... 161042 common SNPs in the AFR reference, AFR sumstats, and validation set ...
... parse EUR reference LD on chromosome 3 ...
... parse AFR reference LD on chromosome 3 ...
... align reference LD on chromosome 3 across populations ...
... 210102 valid SNPs across populations ...
... MCMC ...
--- iter-100 ---
--- iter-200 ---
--- iter-300 ---
--- iter-400 ---
--- iter-500 ---
--- iter-600 ---
--- iter-700 ---
--- iter-800 ---
--- iter-900 ---
--- iter-1000 ---
--- iter-1100 ---
--- iter-1200 ---
--- iter-1300 ---
--- iter-1400 ---
--- iter-1500 ---
--- iter-1600 ---
--- iter-1700 ---
--- iter-1800 ---
--- iter-1900 ---
--- iter-2000 ---
... Estimated global shrinkage parameter: 4.53e-05 ...
... Estimated Correlation Matrix for chrom 3 is : ...
[[1.         0.38742992]
 [0.38742992 1.        ]]
... Done ...


Job took 12.94 hours to complete.
End of the Job.
