Processing: Trait: HDL, Target Population: AMR, Chromosome: 19, phi: auto


--ref_dir=/gpfs/gibbs/pi/zhao/zb222/reference/BaselineLD_v2.3_hm3
--bim_prefix=/gpfs/gibbs/pi/zhao/zhao-data/yy496/ukbb_v3/ukbb3_neale/ukbb3_imp_nealqc/tmp_Ukb_imp_v3_neal
--sst_file=['/gpfs/gibbs/pi/zhao/zb222/Data/summary_data/PRS-CSx/HDL_AMR/auxiliary_pop_EUR/19_JointPRS_baselineLD_v2.3_Annot_6.txt', '/gpfs/gibbs/pi/zhao/zb222/Data/summary_data/PRS-CSx/HDL_AMR/19_JointPRS_baselineLD_v2.3_Annot_6.txt']
--rho_cons=[1.0, 1.0, 1.0, 1.0, 1.0]
--a=1
--b=0.5
--phi=None
--n_gwas=[875625, 39602]
--pop=['EUR', 'AMR']
--n_iter=2000
--n_burnin=1000
--thin=5
--out_dir=/gpfs/gibbs/pi/zhao/zb222/Anotation_pipeline/result/beta/LD_v2.3_panel/trait_HDL/tar_AMR/baselineLD_v2.3_Annot_6
--out_name=HDL_EUR_AMR_PRScsx_baselineLD_v2.3_Annot_6
--chrom=['19']
--meta=FALSE
--seed=None


*** 2 discovery populations detected ***

##### process chromosome 19 #####
... parse reference file: /gpfs/gibbs/pi/zhao/zb222/reference/BaselineLD_v2.3_hm3/snpinfo_mult_1kg_hm3 ...
... 175960 SNPs on chromosome 19 read from /gpfs/gibbs/pi/zhao/zb222/reference/BaselineLD_v2.3_hm3/snpinfo_mult_1kg_hm3 ...
... parse bim file: /gpfs/gibbs/pi/zhao/zhao-data/yy496/ukbb_v3/ukbb3_neale/ukbb3_imp_nealqc/tmp_Ukb_imp_v3_neal.bim ...
... 307514 SNPs on chromosome 19 read from /gpfs/gibbs/pi/zhao/zhao-data/yy496/ukbb_v3/ukbb3_neale/ukbb3_imp_nealqc/tmp_Ukb_imp_v3_neal.bim ...
... parse EUR sumstats file: /gpfs/gibbs/pi/zhao/zb222/Data/summary_data/PRS-CSx/HDL_AMR/auxiliary_pop_EUR/19_JointPRS_baselineLD_v2.3_Annot_6.txt ...
... 192273 SNPs read from /gpfs/gibbs/pi/zhao/zb222/Data/summary_data/PRS-CSx/HDL_AMR/auxiliary_pop_EUR/19_JointPRS_baselineLD_v2.3_Annot_6.txt ...
... 26097 common SNPs in the EUR reference, EUR sumstats, and validation set ...
... parse AMR sumstats file: /gpfs/gibbs/pi/zhao/zb222/Data/summary_data/PRS-CSx/HDL_AMR/19_JointPRS_baselineLD_v2.3_Annot_6.txt ...
... 304026 SNPs read from /gpfs/gibbs/pi/zhao/zb222/Data/summary_data/PRS-CSx/HDL_AMR/19_JointPRS_baselineLD_v2.3_Annot_6.txt ...
... 23281 common SNPs in the AMR reference, AMR sumstats, and validation set ...
... parse EUR reference LD on chromosome 19 ...
... parse AMR reference LD on chromosome 19 ...
... align reference LD on chromosome 19 across populations ...
... 26857 valid SNPs across populations ...
... MCMC ...
--- iter-100 ---
--- iter-200 ---
--- iter-300 ---
--- iter-400 ---
--- iter-500 ---
--- iter-600 ---
--- iter-700 ---
--- iter-800 ---
--- iter-900 ---
--- iter-1000 ---
--- iter-1100 ---
--- iter-1200 ---
--- iter-1300 ---
--- iter-1400 ---
--- iter-1500 ---
--- iter-1600 ---
--- iter-1700 ---
--- iter-1800 ---
--- iter-1900 ---
--- iter-2000 ---
... Estimated global shrinkage parameter: 3.69e-04 ...
... Estimated Correlation Matrix for chrom 19 is : ...
[[1.         0.32830029]
 [0.32830029 1.        ]]
... Done ...


Job took 0.67 hours to complete.
End of the Job.
