Processing: Trait: logTG, Target Population: EAS, Chromosome: 13, phi: auto


--ref_dir=/gpfs/gibbs/pi/zhao/zb222/reference/BaselineLD_v2.3_hm3
--bim_prefix=/gpfs/gibbs/pi/zhao/zhao-data/yy496/ukbb_v3/ukbb3_neale/ukbb3_imp_nealqc/tmp_Ukb_imp_v3_neal
--sst_file=['/gpfs/gibbs/pi/zhao/zb222/Data/summary_data/PRS-CSx/logTG_EAS/auxiliary_pop_EUR/13_JointPRS_baselineLD_v2.3_Annot_10.txt', '/gpfs/gibbs/pi/zhao/zb222/Data/summary_data/PRS-CSx/logTG_EAS/13_JointPRS_baselineLD_v2.3_Annot_10.txt']
--rho_cons=[1.0, 1.0, 1.0, 1.0, 1.0]
--a=1
--b=0.5
--phi=None
--n_gwas=[853550, 82722]
--pop=['EUR', 'EAS']
--n_iter=2000
--n_burnin=1000
--thin=5
--out_dir=/gpfs/gibbs/pi/zhao/zb222/Anotation_pipeline/result/beta/LD_v2.3_panel/trait_logTG/tar_EAS/baselineLD_v2.3_Annot_10
--out_name=logTG_EUR_EAS_PRScsx_baselineLD_v2.3_Annot_10
--chrom=['13']
--meta=FALSE
--seed=None


*** 2 discovery populations detected ***

##### process chromosome 13 #####
... parse reference file: /gpfs/gibbs/pi/zhao/zb222/reference/BaselineLD_v2.3_hm3/snpinfo_mult_1kg_hm3 ...
... 281061 SNPs on chromosome 13 read from /gpfs/gibbs/pi/zhao/zb222/reference/BaselineLD_v2.3_hm3/snpinfo_mult_1kg_hm3 ...
... parse bim file: /gpfs/gibbs/pi/zhao/zhao-data/yy496/ukbb_v3/ukbb3_neale/ukbb3_imp_nealqc/tmp_Ukb_imp_v3_neal.bim ...
... 476446 SNPs on chromosome 13 read from /gpfs/gibbs/pi/zhao/zhao-data/yy496/ukbb_v3/ukbb3_neale/ukbb3_imp_nealqc/tmp_Ukb_imp_v3_neal.bim ...
... parse EUR sumstats file: /gpfs/gibbs/pi/zhao/zb222/Data/summary_data/PRS-CSx/logTG_EAS/auxiliary_pop_EUR/13_JointPRS_baselineLD_v2.3_Annot_10.txt ...
... 177451 SNPs read from /gpfs/gibbs/pi/zhao/zb222/Data/summary_data/PRS-CSx/logTG_EAS/auxiliary_pop_EUR/13_JointPRS_baselineLD_v2.3_Annot_10.txt ...
... 32169 common SNPs in the EUR reference, EUR sumstats, and validation set ...
... parse EAS sumstats file: /gpfs/gibbs/pi/zhao/zb222/Data/summary_data/PRS-CSx/logTG_EAS/13_JointPRS_baselineLD_v2.3_Annot_10.txt ...
... 130788 SNPs read from /gpfs/gibbs/pi/zhao/zb222/Data/summary_data/PRS-CSx/logTG_EAS/13_JointPRS_baselineLD_v2.3_Annot_10.txt ...
... 22207 common SNPs in the EAS reference, EAS sumstats, and validation set ...
... parse EUR reference LD on chromosome 13 ...
... parse EAS reference LD on chromosome 13 ...
... align reference LD on chromosome 13 across populations ...
... 32652 valid SNPs across populations ...
... MCMC ...
--- iter-100 ---
--- iter-200 ---
--- iter-300 ---
--- iter-400 ---
--- iter-500 ---
--- iter-600 ---
--- iter-700 ---
--- iter-800 ---
--- iter-900 ---
--- iter-1000 ---
--- iter-1100 ---
--- iter-1200 ---
--- iter-1300 ---
--- iter-1400 ---
--- iter-1500 ---
--- iter-1600 ---
--- iter-1700 ---
--- iter-1800 ---
--- iter-1900 ---
--- iter-2000 ---
... Estimated global shrinkage parameter: 7.15e-05 ...
... Estimated Correlation Matrix for chrom 13 is : ...
[[1.         0.35459394]
 [0.35459394 1.        ]]
... Done ...


Job took 0.65 hours to complete.
End of the Job.
