Processing: Trait: logTG, Target Population: AMR, Chromosome: 13, phi: auto


--ref_dir=/gpfs/gibbs/pi/zhao/zb222/reference/BaselineLD_v2.3_hm3
--bim_prefix=/gpfs/gibbs/pi/zhao/zhao-data/yy496/ukbb_v3/ukbb3_neale/ukbb3_imp_nealqc/tmp_Ukb_imp_v3_neal
--sst_file=['/gpfs/gibbs/pi/zhao/zb222/Data/summary_data/PRS-CSx/BaselineLD_v2.3_hm3/logTG_AMR/auxiliary_pop_EUR/13_JointPRS_baselineLD_v2.3_Annot_13.txt', '/gpfs/gibbs/pi/zhao/zb222/Data/summary_data/PRS-CSx/BaselineLD_v2.3_hm3/logTG_AMR/13_JointPRS_baselineLD_v2.3_Annot_13.txt']
--rho_cons=[1.0, 1.0, 1.0, 1.0, 1.0]
--a=1
--b=0.5
--phi=None
--n_gwas=[853550, 37273]
--pop=['EUR', 'AMR']
--n_iter=2000
--n_burnin=1000
--thin=5
--out_dir=/gpfs/gibbs/pi/zhao/zb222/Anotation_pipeline/result/beta/LD_v2.3_panel/trait_logTG/tar_AMR/baselineLD_v2.3_Annot_13
--out_name=logTG_EUR_AMR_PRScsx_baselineLD_v2.3_Annot_13
--chrom=['13']
--meta=FALSE
--seed=None


*** 2 discovery populations detected ***

##### process chromosome 13 #####
... parse reference file: /gpfs/gibbs/pi/zhao/zb222/reference/BaselineLD_v2.3_hm3/snpinfo_mult_1kg_hm3 ...
... 281061 SNPs on chromosome 13 read from /gpfs/gibbs/pi/zhao/zb222/reference/BaselineLD_v2.3_hm3/snpinfo_mult_1kg_hm3 ...
... parse bim file: /gpfs/gibbs/pi/zhao/zhao-data/yy496/ukbb_v3/ukbb3_neale/ukbb3_imp_nealqc/tmp_Ukb_imp_v3_neal.bim ...
... 476446 SNPs on chromosome 13 read from /gpfs/gibbs/pi/zhao/zhao-data/yy496/ukbb_v3/ukbb3_neale/ukbb3_imp_nealqc/tmp_Ukb_imp_v3_neal.bim ...
... parse EUR sumstats file: /gpfs/gibbs/pi/zhao/zb222/Data/summary_data/PRS-CSx/BaselineLD_v2.3_hm3/logTG_AMR/auxiliary_pop_EUR/13_JointPRS_baselineLD_v2.3_Annot_13.txt ...
... 27182 SNPs read from /gpfs/gibbs/pi/zhao/zb222/Data/summary_data/PRS-CSx/BaselineLD_v2.3_hm3/logTG_AMR/auxiliary_pop_EUR/13_JointPRS_baselineLD_v2.3_Annot_13.txt ...
... 26778 common SNPs in the EUR reference, EUR sumstats, and validation set ...
... parse AMR sumstats file: /gpfs/gibbs/pi/zhao/zb222/Data/summary_data/PRS-CSx/BaselineLD_v2.3_hm3/logTG_AMR/13_JointPRS_baselineLD_v2.3_Annot_13.txt ...
... 25180 SNPs read from /gpfs/gibbs/pi/zhao/zb222/Data/summary_data/PRS-CSx/BaselineLD_v2.3_hm3/logTG_AMR/13_JointPRS_baselineLD_v2.3_Annot_13.txt ...
... 24792 common SNPs in the AMR reference, AMR sumstats, and validation set ...
... parse EUR reference LD on chromosome 13 ...
... parse AMR reference LD on chromosome 13 ...
... align reference LD on chromosome 13 across populations ...
... 27414 valid SNPs across populations ...
... MCMC ...
--- iter-100 ---
--- iter-200 ---
--- iter-300 ---
--- iter-400 ---
--- iter-500 ---
--- iter-600 ---
--- iter-700 ---
--- iter-800 ---
--- iter-900 ---
--- iter-1000 ---
--- iter-1100 ---
--- iter-1200 ---
--- iter-1300 ---
--- iter-1400 ---
--- iter-1500 ---
--- iter-1600 ---
--- iter-1700 ---
--- iter-1800 ---
--- iter-1900 ---
--- iter-2000 ---
... Estimated global shrinkage parameter: 4.77e-05 ...
... Estimated Correlation Matrix for chrom 13 is : ...
[[1.         0.41350719]
 [0.41350719 1.        ]]
... Done ...


Job took 1.23 hours to complete.
End of the Job.
