Processing: Trait: BMI, Target Population: AFR, Chromosome: 8, phi: auto


--ref_dir=/gpfs/gibbs/pi/zhao/zb222/reference/BaselineLD_v2.3_hm3
--bim_prefix=/gpfs/gibbs/pi/zhao/zhao-data/yy496/ukbb_v3/ukbb3_neale/ukbb3_imp_nealqc/tmp_Ukb_imp_v3_neal
--sst_file=['/gpfs/gibbs/pi/zhao/zb222/Data/summary_data/PRS-CSx/BaselineLD_v2.3_hm3/BMI_AFR/auxiliary_pop_EUR/8_JointPRS_baselineLD_v2.3_Annot_5.txt', '/gpfs/gibbs/pi/zhao/zb222/Data/summary_data/PRS-CSx/BaselineLD_v2.3_hm3/BMI_AFR/8_JointPRS_baselineLD_v2.3_Annot_5.txt']
--rho_cons=[1.0, 1.0, 1.0, 1.0, 1.0]
--a=1
--b=0.5
--phi=None
--n_gwas=[233634, 49335]
--pop=['EUR', 'AFR']
--n_iter=2000
--n_burnin=1000
--thin=5
--out_dir=/gpfs/gibbs/pi/zhao/zb222/Anotation_pipeline/result/beta/LD_v2.3_panel/trait_BMI/tar_AFR/baselineLD_v2.3_Annot_5
--out_name=BMI_EUR_AFR_PRScsx_baselineLD_v2.3_Annot_5
--chrom=['8']
--meta=FALSE
--seed=None


*** 2 discovery populations detected ***

##### process chromosome 8 #####
... parse reference file: /gpfs/gibbs/pi/zhao/zb222/reference/BaselineLD_v2.3_hm3/snpinfo_mult_1kg_hm3 ...
... 409397 SNPs on chromosome 8 read from /gpfs/gibbs/pi/zhao/zb222/reference/BaselineLD_v2.3_hm3/snpinfo_mult_1kg_hm3 ...
... parse bim file: /gpfs/gibbs/pi/zhao/zhao-data/yy496/ukbb_v3/ukbb3_neale/ukbb3_imp_nealqc/tmp_Ukb_imp_v3_neal.bim ...
... 739303 SNPs on chromosome 8 read from /gpfs/gibbs/pi/zhao/zhao-data/yy496/ukbb_v3/ukbb3_neale/ukbb3_imp_nealqc/tmp_Ukb_imp_v3_neal.bim ...
... parse EUR sumstats file: /gpfs/gibbs/pi/zhao/zb222/Data/summary_data/PRS-CSx/BaselineLD_v2.3_hm3/BMI_AFR/auxiliary_pop_EUR/8_JointPRS_baselineLD_v2.3_Annot_5.txt ...
... 39979 SNPs read from /gpfs/gibbs/pi/zhao/zb222/Data/summary_data/PRS-CSx/BaselineLD_v2.3_hm3/BMI_AFR/auxiliary_pop_EUR/8_JointPRS_baselineLD_v2.3_Annot_5.txt ...
... 39785 common SNPs in the EUR reference, EUR sumstats, and validation set ...
... parse AFR sumstats file: /gpfs/gibbs/pi/zhao/zb222/Data/summary_data/PRS-CSx/BaselineLD_v2.3_hm3/BMI_AFR/8_JointPRS_baselineLD_v2.3_Annot_5.txt ...
... 84651 SNPs read from /gpfs/gibbs/pi/zhao/zb222/Data/summary_data/PRS-CSx/BaselineLD_v2.3_hm3/BMI_AFR/8_JointPRS_baselineLD_v2.3_Annot_5.txt ...
... 83446 common SNPs in the AFR reference, AFR sumstats, and validation set ...
... parse EUR reference LD on chromosome 8 ...
... parse AFR reference LD on chromosome 8 ...
... align reference LD on chromosome 8 across populations ...
... 85988 valid SNPs across populations ...
... MCMC ...
--- iter-100 ---
--- iter-200 ---
--- iter-300 ---
--- iter-400 ---
--- iter-500 ---
--- iter-600 ---
--- iter-700 ---
--- iter-800 ---
--- iter-900 ---
--- iter-1000 ---
--- iter-1100 ---
--- iter-1200 ---
--- iter-1300 ---
--- iter-1400 ---
--- iter-1500 ---
--- iter-1600 ---
--- iter-1700 ---
--- iter-1800 ---
--- iter-1900 ---
--- iter-2000 ---
... Estimated global shrinkage parameter: 3.90e-05 ...
... Estimated Correlation Matrix for chrom 8 is : ...
[[1.        0.5856962]
 [0.5856962 1.       ]]
... Done ...


Job took 2.17 hours to complete.
End of the Job.
